$ next dev --turbopack
   ▲ Next.js 15.1.0 (Turbopack)
   - Local:        http://localhost:3000
   - Network:      http://192.168.0.2:3000
   - Environments: .env

 ✓ Starting...
 ⚠ Invalid next.config.ts options detected:
 ⚠     Unrecognized key(s) in object: 'turbopack'
 ⚠ See more info here: https://nextjs.org/docs/messages/invalid-next-config
Attention: Next.js now collects completely anonymous telemetry regarding usage.
This information is used to shape Next.js' roadmap and prioritize features.
You can learn more, including how to opt-out if you'd not like to participate in this anonymous program, by visiting the following URL:
https://nextjs.org/telemetry

 ✓ Compiled in 466ms
 ✓ Ready in 1885ms
{"timestamp":"2026-03-08T16:08:07.270Z","method":"GET","path":"/auth/sign-up","userAgent":"Mozilla/5.0 (X11; Linux x86_64) AppleWebKit/537.36 (KHTML, like Gecko) HeadlessChrome/143.0.7499.4 Safari/537.36"}
 ○ Compiling /auth/sign-up ...
 ✓ Compiled /auth/sign-up in 16.9s
 GET /auth/sign-up 200 in 18332ms
{"timestamp":"2026-03-08T16:08:28.314Z","method":"POST","path":"/api/auth/sign-up/email","userAgent":"Mozilla/5.0 (X11; Linux x86_64) AppleWebKit/537.36 (KHTML, like Gecko) HeadlessChrome/143.0.7499.4 Safari/537.36"}
 ○ Compiling /api/auth/[...all] ...
 ✓ Compiled /api/auth/[...all] in 4.7s
[2m2026-03-08T16:08:33.920Z[0m [33mWARN[0m [1m[Better Auth]:[0m [better-auth] Base URL could not be determined. Please set a valid base URL using the baseURL config option or the BETTER_AUTH_BASE_URL environment variable. Without this, callbacks and redirects may not work correctly.
[2m2026-03-08T16:08:33.922Z[0m [33mWARN[0m [1m[Better Auth]:[0m Social provider github is missing clientId or clientSecret
[2m2026-03-08T16:08:33.923Z[0m [33mWARN[0m [1m[Better Auth]:[0m Social provider google is missing clientId or clientSecret
[2m2026-03-08T16:08:35.633Z[0m [33mWARN[0m [1m[Better Auth]:[0m [better-auth] Base URL could not be determined. Please set a valid base URL using the baseURL config option or the BETTER_AUTH_BASE_URL environment variable. Without this, callbacks and redirects may not work correctly.
[2m2026-03-08T16:08:35.637Z[0m [33mWARN[0m [1m[Better Auth]:[0m Social provider github is missing clientId or clientSecret
[2m2026-03-08T16:08:35.638Z[0m [33mWARN[0m [1m[Better Auth]:[0m Social provider google is missing clientId or clientSecret
(node:3213) Warning: SECURITY WARNING: The SSL modes 'prefer', 'require', and 'verify-ca' are treated as aliases for 'verify-full'.
In the next major version (pg-connection-string v3.0.0 and pg v9.0.0), these modes will adopt standard libpq semantics, which have weaker security guarantees.

To prepare for this change:
- If you want the current behavior, explicitly use 'sslmode=verify-full'
- If you want libpq compatibility now, use 'uselibpqcompat=true&sslmode=require'

See https://www.postgresql.org/docs/current/libpq-ssl.html for libpq SSL mode definitions.
(Use `node --trace-warnings ...` to show where the warning was created)
 POST /api/auth/sign-up/email 200 in 8643ms
{"timestamp":"2026-03-08T16:08:37.986Z","method":"GET","path":"/app","userAgent":"Mozilla/5.0 (X11; Linux x86_64) AppleWebKit/537.36 (KHTML, like Gecko) HeadlessChrome/143.0.7499.4 Safari/537.36"}
 ○ Compiling /app ...
 ✓ Compiled /app in 2.4s
 GET /app 200 in 2482ms
{"timestamp":"2026-03-08T16:08:40.642Z","method":"GET","path":"/api/auth/get-session","userAgent":"Mozilla/5.0 (X11; Linux x86_64) AppleWebKit/537.36 (KHTML, like Gecko) HeadlessChrome/143.0.7499.4 Safari/537.36"}
{"timestamp":"2026-03-08T16:08:40.779Z","method":"GET","path":"/api/notifications","userAgent":"Mozilla/5.0 (X11; Linux x86_64) AppleWebKit/537.36 (KHTML, like Gecko) HeadlessChrome/143.0.7499.4 Safari/537.36"}
{"timestamp":"2026-03-08T16:08:41.033Z","method":"GET","path":"/api/salons","userAgent":"Mozilla/5.0 (X11; Linux x86_64) AppleWebKit/537.36 (KHTML, like Gecko) HeadlessChrome/143.0.7499.4 Safari/537.36"}
{"timestamp":"2026-03-08T16:08:41.035Z","method":"GET","path":"/api/products","userAgent":"Mozilla/5.0 (X11; Linux x86_64) AppleWebKit/537.36 (KHTML, like Gecko) HeadlessChrome/143.0.7499.4 Safari/537.36"}
 GET /api/auth/get-session 200 in 439ms
{"timestamp":"2026-03-08T16:08:41.215Z","method":"GET","path":"/api/auth/get-session","userAgent":"Mozilla/5.0 (X11; Linux x86_64) AppleWebKit/537.36 (KHTML, like Gecko) HeadlessChrome/143.0.7499.4 Safari/537.36"}
 ○ Compiling /api/notifications ...
 GET /api/auth/get-session 200 in 263ms
 GET /api/products?limit=4 200 in 1380ms
{"timestamp":"2026-03-08T16:08:42.474Z","method":"GET","path":"/api/products","userAgent":"Mozilla/5.0 (X11; Linux x86_64) AppleWebKit/537.36 (KHTML, like Gecko) HeadlessChrome/143.0.7499.4 Safari/537.36"}
 GET /api/products?limit=4 200 in 133ms
 ✓ Compiled /api/notifications in 1667ms
Fetched 0 notifications for user JIzILhToX6hPHRnGJ7Q7OpdN7KzCz8Dh
 GET /api/notifications 200 in 2241ms
{"timestamp":"2026-03-08T16:08:43.033Z","method":"GET","path":"/api/notifications","userAgent":"Mozilla/5.0 (X11; Linux x86_64) AppleWebKit/537.36 (KHTML, like Gecko) HeadlessChrome/143.0.7499.4 Safari/537.36"}
[2m2026-03-08T16:08:43.130Z[0m [33mWARN[0m [1m[Better Auth]:[0m [better-auth] Base URL could not be determined. Please set a valid base URL using the baseURL config option or the BETTER_AUTH_BASE_URL environment variable. Without this, callbacks and redirects may not work correctly.
[2m2026-03-08T16:08:43.133Z[0m [33mWARN[0m [1m[Better Auth]:[0m Social provider github is missing clientId or clientSecret
[2m2026-03-08T16:08:43.133Z[0m [33mWARN[0m [1m[Better Auth]:[0m Social provider google is missing clientId or clientSecret
 GET /api/salons?limit=4 200 in 2107ms
{"timestamp":"2026-03-08T16:08:43.189Z","method":"GET","path":"/api/salons","userAgent":"Mozilla/5.0 (X11; Linux x86_64) AppleWebKit/537.36 (KHTML, like Gecko) HeadlessChrome/143.0.7499.4 Safari/537.36"}
{"timestamp":"2026-03-08T16:08:43.202Z","method":"GET","path":"/images/partner-placeholder.png","userAgent":"Mozilla/5.0 (X11; Linux x86_64) AppleWebKit/537.36 (KHTML, like Gecko) HeadlessChrome/143.0.7499.4 Safari/537.36"}
Fetched 0 notifications for user JIzILhToX6hPHRnGJ7Q7OpdN7KzCz8Dh
 GET /api/notifications 200 in 171ms
{"timestamp":"2026-03-08T16:08:43.216Z","method":"GET","path":"/api/notifications","userAgent":"Mozilla/5.0 (X11; Linux x86_64) AppleWebKit/537.36 (KHTML, like Gecko) HeadlessChrome/143.0.7499.4 Safari/537.36"}
 GET /api/salons?limit=4 200 in 121ms
Fetched 0 notifications for user JIzILhToX6hPHRnGJ7Q7OpdN7KzCz8Dh
 GET /api/notifications 200 in 158ms
{"timestamp":"2026-03-08T16:08:43.381Z","method":"GET","path":"/api/notifications","userAgent":"Mozilla/5.0 (X11; Linux x86_64) AppleWebKit/537.36 (KHTML, like Gecko) HeadlessChrome/143.0.7499.4 Safari/537.36"}
Fetched 0 notifications for user JIzILhToX6hPHRnGJ7Q7OpdN7KzCz8Dh
 GET /api/notifications 200 in 133ms
{"timestamp":"2026-03-08T16:09:00.626Z","method":"GET","path":"/app/videos-creations","userAgent":"Mozilla/5.0 (X11; Linux x86_64) AppleWebKit/537.36 (KHTML, like Gecko) HeadlessChrome/143.0.7499.4 Safari/537.36"}
 ○ Compiling /app/videos-creations ...
 ✓ Compiled /app/videos-creations in 1751ms
 GET /app/videos-creations 200 in 2845ms
{"timestamp":"2026-03-08T16:09:03.893Z","method":"GET","path":"/api/auth/get-session","userAgent":"Mozilla/5.0 (X11; Linux x86_64) AppleWebKit/537.36 (KHTML, like Gecko) HeadlessChrome/143.0.7499.4 Safari/537.36"}
{"timestamp":"2026-03-08T16:09:03.957Z","method":"GET","path":"/api/notifications","userAgent":"Mozilla/5.0 (X11; Linux x86_64) AppleWebKit/537.36 (KHTML, like Gecko) HeadlessChrome/143.0.7499.4 Safari/537.36"}
 GET /api/auth/get-session 200 in 146ms
{"timestamp":"2026-03-08T16:09:04.074Z","method":"GET","path":"/api/stories","userAgent":"Mozilla/5.0 (X11; Linux x86_64) AppleWebKit/537.36 (KHTML, like Gecko) HeadlessChrome/143.0.7499.4 Safari/537.36"}
{"timestamp":"2026-03-08T16:09:04.082Z","method":"GET","path":"/api/videos","userAgent":"Mozilla/5.0 (X11; Linux x86_64) AppleWebKit/537.36 (KHTML, like Gecko) HeadlessChrome/143.0.7499.4 Safari/537.36"}
 GET /api/notifications 401 in 334ms
{"timestamp":"2026-03-08T16:09:04.307Z","method":"GET","path":"/api/notifications","userAgent":"Mozilla/5.0 (X11; Linux x86_64) AppleWebKit/537.36 (KHTML, like Gecko) HeadlessChrome/143.0.7499.4 Safari/537.36"}
 GET /api/notifications 401 in 130ms
 ○ Compiling /api/stories ...
 ✓ Compiled /api/stories in 760ms
 GET /api/stories 401 in 901ms
 GET /api/videos?page=1&limit=20 200 in 1118ms
[2m2026-03-08T16:09:05.400Z[0m [33mWARN[0m [1m[Better Auth]:[0m [better-auth] Base URL could not be determined. Please set a valid base URL using the baseURL config option or the BETTER_AUTH_BASE_URL environment variable. Without this, callbacks and redirects may not work correctly.
[2m2026-03-08T16:09:05.403Z[0m [33mWARN[0m [1m[Better Auth]:[0m Social provider github is missing clientId or clientSecret
[2m2026-03-08T16:09:05.403Z[0m [33mWARN[0m [1m[Better Auth]:[0m Social provider google is missing clientId or clientSecret
 ⨯ The requested resource isn't a valid image for https://onbuchlib.luvvix.it.com/ received text/html; charset=utf-8
{"timestamp":"2026-03-08T16:10:02.110Z","method":"GET","path":"/auth/sign-up","userAgent":"Mozilla/5.0 (X11; Linux x86_64) AppleWebKit/537.36 (KHTML, like Gecko) HeadlessChrome/143.0.7499.4 Safari/537.36"}
 GET /auth/sign-up 200 in 130ms
{"timestamp":"2026-03-08T16:10:04.009Z","method":"POST","path":"/api/auth/sign-up/email","userAgent":"Mozilla/5.0 (X11; Linux x86_64) AppleWebKit/537.36 (KHTML, like Gecko) HeadlessChrome/143.0.7499.4 Safari/537.36"}
 POST /api/auth/sign-up/email 200 in 693ms
{"timestamp":"2026-03-08T16:10:05.725Z","method":"GET","path":"/app","userAgent":"Mozilla/5.0 (X11; Linux x86_64) AppleWebKit/537.36 (KHTML, like Gecko) HeadlessChrome/143.0.7499.4 Safari/537.36"}
[2m2026-03-08T16:10:05.807Z[0m [33mWARN[0m [1m[Better Auth]:[0m [better-auth] Base URL could not be determined. Please set a valid base URL using the baseURL config option or the BETTER_AUTH_BASE_URL environment variable. Without this, callbacks and redirects may not work correctly.
[2m2026-03-08T16:10:05.813Z[0m [33mWARN[0m [1m[Better Auth]:[0m Social provider github is missing clientId or clientSecret
[2m2026-03-08T16:10:05.814Z[0m [33mWARN[0m [1m[Better Auth]:[0m Social provider google is missing clientId or clientSecret
 GET /app 200 in 170ms
{"timestamp":"2026-03-08T16:10:05.970Z","method":"GET","path":"/api/auth/get-session","userAgent":"Mozilla/5.0 (X11; Linux x86_64) AppleWebKit/537.36 (KHTML, like Gecko) HeadlessChrome/143.0.7499.4 Safari/537.36"}
 GET /api/auth/get-session 200 in 77ms
[2m2026-03-08T16:10:07.096Z[0m [33mWARN[0m [1m[Better Auth]:[0m [better-auth] Base URL could not be determined. Please set a valid base URL using the baseURL config option or the BETTER_AUTH_BASE_URL environment variable. Without this, callbacks and redirects may not work correctly.
[2m2026-03-08T16:10:07.099Z[0m [33mWARN[0m [1m[Better Auth]:[0m Social provider github is missing clientId or clientSecret
[2m2026-03-08T16:10:07.099Z[0m [33mWARN[0m [1m[Better Auth]:[0m Social provider google is missing clientId or clientSecret
{"timestamp":"2026-03-08T16:10:15.056Z","method":"GET","path":"/app/videos-creations","userAgent":"Mozilla/5.0 (X11; Linux x86_64) AppleWebKit/537.36 (KHTML, like Gecko) HeadlessChrome/143.0.7499.4 Safari/537.36"}
 GET /app/videos-creations 200 in 199ms
{"timestamp":"2026-03-08T16:10:15.588Z","method":"GET","path":"/api/auth/get-session","userAgent":"Mozilla/5.0 (X11; Linux x86_64) AppleWebKit/537.36 (KHTML, like Gecko) HeadlessChrome/143.0.7499.4 Safari/537.36"}
{"timestamp":"2026-03-08T16:10:15.717Z","method":"GET","path":"/api/notifications","userAgent":"Mozilla/5.0 (X11; Linux x86_64) AppleWebKit/537.36 (KHTML, like Gecko) HeadlessChrome/143.0.7499.4 Safari/537.36"}
{"timestamp":"2026-03-08T16:10:15.719Z","method":"GET","path":"/api/stories","userAgent":"Mozilla/5.0 (X11; Linux x86_64) AppleWebKit/537.36 (KHTML, like Gecko) HeadlessChrome/143.0.7499.4 Safari/537.36"}
{"timestamp":"2026-03-08T16:10:15.721Z","method":"GET","path":"/api/videos","userAgent":"Mozilla/5.0 (X11; Linux x86_64) AppleWebKit/537.36 (KHTML, like Gecko) HeadlessChrome/143.0.7499.4 Safari/537.36"}
 GET /api/auth/get-session 200 in 178ms
Fetched 0 notifications for user eWzKgYrayavA6KUWH9PcS2prCLnmZZrf
 GET /api/notifications 200 in 267ms
{"timestamp":"2026-03-08T16:10:16.004Z","method":"GET","path":"/api/notifications","userAgent":"Mozilla/5.0 (X11; Linux x86_64) AppleWebKit/537.36 (KHTML, like Gecko) HeadlessChrome/143.0.7499.4 Safari/537.36"}
Fetched 0 notifications for user eWzKgYrayavA6KUWH9PcS2prCLnmZZrf
 GET /api/notifications 200 in 142ms
 GET /api/stories 200 in 474ms
 GET /api/videos?page=1&limit=20 200 in 569ms
 ⨯ The requested resource isn't a valid image for https://onbuchlib.luvvix.it.com/ received text/html; charset=utf-8
[2m2026-03-08T16:10:16.890Z[0m [33mWARN[0m [1m[Better Auth]:[0m [better-auth] Base URL could not be determined. Please set a valid base URL using the baseURL config option or the BETTER_AUTH_BASE_URL environment variable. Without this, callbacks and redirects may not work correctly.
[2m2026-03-08T16:10:16.894Z[0m [33mWARN[0m [1m[Better Auth]:[0m Social provider github is missing clientId or clientSecret
[2m2026-03-08T16:10:16.894Z[0m [33mWARN[0m [1m[Better Auth]:[0m Social provider google is missing clientId or clientSecret
 ✓ Compiled in 507ms
