bun install v1.2.14 (6a363a38)

+ @eslint/eslintrc@3.3.1
+ @tailwindcss/postcss@4.1.16
+ @types/node@20.19.24
+ @types/react@19.2.2
+ @types/react-dom@19.2.2
+ @types/react-syntax-highlighter@15.5.13
+ @types/three@0.178.1
+ eslint@9.38.0
+ eslint-config-next@16.0.1
+ tailwindcss@4.1.16
+ tw-animate-css@1.4.0
+ typescript@5.9.3
+ @babel/parser@7.28.5
+ @headlessui/react@2.2.9
+ @heroicons/react@2.2.0
+ @hookform/resolvers@5.2.2
+ @libsql/client@0.15.15
+ @number-flow/react@0.5.10
+ @radix-ui/react-accordion@1.2.12
+ @radix-ui/react-alert-dialog@1.1.15
+ @radix-ui/react-aspect-ratio@1.1.7
+ @radix-ui/react-avatar@1.1.10
+ @radix-ui/react-checkbox@1.3.3
+ @radix-ui/react-collapsible@1.1.12
+ @radix-ui/react-context-menu@2.2.16
+ @radix-ui/react-dialog@1.1.15
+ @radix-ui/react-dropdown-menu@2.1.16
+ @radix-ui/react-hover-card@1.1.15
+ @radix-ui/react-label@2.1.7
+ @radix-ui/react-menubar@1.1.16
+ @radix-ui/react-navigation-menu@1.2.14
+ @radix-ui/react-popover@1.1.15
+ @radix-ui/react-progress@1.1.7
+ @radix-ui/react-radio-group@1.3.8
+ @radix-ui/react-scroll-area@1.2.10
+ @radix-ui/react-select@2.2.6
+ @radix-ui/react-separator@1.1.7
+ @radix-ui/react-slider@1.3.6
+ @radix-ui/react-slot@1.2.3
+ @radix-ui/react-switch@1.2.6
+ @radix-ui/react-tabs@1.1.13
+ @radix-ui/react-toggle@1.1.10
+ @radix-ui/react-toggle-group@1.1.11
+ @radix-ui/react-tooltip@1.2.8
+ @react-three/drei@10.7.6
+ @react-three/fiber@9.4.0
+ @tabler/icons-react@3.35.0
+ @tailwindcss/typography@0.5.19
+ @tsparticles/engine@3.9.1
+ @tsparticles/react@3.0.0
+ @tsparticles/slim@3.9.1
+ atmn@0.0.28
+ autumn-js@0.1.43
+ bcrypt@6.0.0
+ better-auth@1.4.18
+ class-variance-authority@0.7.1
+ clsx@2.1.1
+ cmdk@1.1.1
+ cobe@0.6.5
+ date-fns@4.1.0
+ dotted-map@2.2.3
+ drizzle-kit@0.31.6
+ drizzle-orm@0.44.7
+ embla-carousel-auto-scroll@8.6.0
+ embla-carousel-autoplay@8.6.0
+ embla-carousel-react@8.6.0
+ estree-walker@2.0.2
+ framer-motion@12.23.24
+ input-otp@1.4.2
+ lucide-react@0.552.0
+ mini-svg-data-uri@1.4.4
+ motion@12.23.24
+ motion-dom@12.23.23
+ next@16.1.6
+ next-themes@0.4.6
+ qss@3.0.0
+ react@19.2.0
+ react-day-picker@9.11.1
+ react-dom@19.2.0
+ react-dropzone@14.3.8
+ react-fast-marquee@1.6.5
+ react-hook-form@7.65.0
+ react-icons@5.5.0
+ react-intersection-observer@10.0.0
+ react-resizable-panels@3.0.6
+ react-responsive-masonry@2.7.1
+ react-syntax-highlighter@15.6.6
+ react-wrap-balancer@1.1.1
+ recharts@3.3.0
+ simplex-noise@4.0.3
+ sonner@2.0.7
+ stripe@19.2.0
+ swiper@12.0.3
+ tailwind-merge@3.3.1
+ tailwindcss-animate@1.0.7
+ three@0.178.0
+ three-globe@2.45.0
+ vaul@1.1.2
+ zod@4.1.12

807 packages installed [37.40s]
