Lockfile is up to date, resolution step is skipped
Progress: resolved 1, reused 0, downloaded 0, added 0
Packages: +828
++++++++++++++++++++++++++++++++++++++++++++++++++++++++++++++++++++++++++++++++

   ╭──────────────────────────────────────────╮
   │                                          │
   │   Update available! 10.28.0 → 10.30.1.   │
   │   Changelog: https://pnpm.io/v/10.30.1   │
   │     To update, run: pnpm add -g pnpm     │
   │                                          │
   ╰──────────────────────────────────────────╯

Progress: resolved 828, reused 0, downloaded 9, added 0
Progress: resolved 828, reused 0, downloaded 47, added 16
Progress: resolved 828, reused 0, downloaded 134, added 112
Progress: resolved 828, reused 0, downloaded 162, added 124
Progress: resolved 828, reused 0, downloaded 194, added 136
Progress: resolved 828, reused 0, downloaded 260, added 166
Progress: resolved 828, reused 0, downloaded 295, added 185
Progress: resolved 828, reused 0, downloaded 325, added 197
Progress: resolved 828, reused 0, downloaded 353, added 205
Progress: resolved 828, reused 0, downloaded 388, added 224
Progress: resolved 828, reused 0, downloaded 409, added 236
Progress: resolved 828, reused 0, downloaded 416, added 240
Progress: resolved 828, reused 0, downloaded 421, added 240
Progress: resolved 828, reused 0, downloaded 422, added 240
Progress: resolved 828, reused 0, downloaded 431, added 244
Progress: resolved 828, reused 0, downloaded 444, added 248
Progress: resolved 828, reused 0, downloaded 473, added 263
Progress: resolved 828, reused 0, downloaded 526, added 292
Progress: resolved 828, reused 0, downloaded 654, added 402
Progress: resolved 828, reused 0, downloaded 752, added 440
Progress: resolved 828, reused 0, downloaded 828, added 505
Progress: resolved 828, reused 0, downloaded 828, added 828, done

dependencies:
+ @babel/parser 7.29.0
+ @google/generative-ai 0.24.1
+ @headlessui/react 2.2.9
+ @heroicons/react 2.2.0
+ @hookform/resolvers 5.2.2
+ @libsql/client 0.15.15
+ @number-flow/react 0.5.12
+ @radix-ui/react-accordion 1.2.12
+ @radix-ui/react-alert-dialog 1.1.15
+ @radix-ui/react-aspect-ratio 1.1.8
+ @radix-ui/react-avatar 1.1.11
+ @radix-ui/react-checkbox 1.3.3
+ @radix-ui/react-collapsible 1.1.12
+ @radix-ui/react-context-menu 2.2.16
+ @radix-ui/react-dialog 1.1.15
+ @radix-ui/react-dropdown-menu 2.1.16
+ @radix-ui/react-hover-card 1.1.15
+ @radix-ui/react-label 2.1.8
+ @radix-ui/react-menubar 1.1.16
+ @radix-ui/react-navigation-menu 1.2.14
+ @radix-ui/react-popover 1.1.15
+ @radix-ui/react-progress 1.1.8
+ @radix-ui/react-radio-group 1.3.8
+ @radix-ui/react-scroll-area 1.2.10
+ @radix-ui/react-select 2.2.6
+ @radix-ui/react-separator 1.1.8
+ @radix-ui/react-slider 1.3.6
+ @radix-ui/react-slot 1.2.4
+ @radix-ui/react-switch 1.2.6
+ @radix-ui/react-tabs 1.1.13
+ @radix-ui/react-toggle 1.1.10
+ @radix-ui/react-toggle-group 1.1.11
+ @radix-ui/react-tooltip 1.2.8
+ @react-three/drei 10.7.7
+ @react-three/fiber 9.5.0
+ @stripe/react-stripe-js 5.6.0
+ @stripe/stripe-js 8.8.0
+ @tabler/icons-react 3.37.1
+ @tailwindcss/typography 0.5.19
+ @tsparticles/engine 3.9.1
+ @tsparticles/react 3.0.0
+ @tsparticles/slim 3.9.1
+ @types/leaflet 1.9.21
+ @types/pg 8.16.0
+ atmn 0.0.28
+ autumn-js 0.1.76
+ bcrypt 6.0.0
+ better-auth 1.4.18
+ class-variance-authority 0.7.1
+ clsx 2.1.1
+ cmdk 1.1.1
+ cobe 0.6.5
+ date-fns 4.1.0
+ dotenv 17.3.1
+ dotted-map 2.2.3
+ drizzle-kit 0.31.9
+ drizzle-orm 0.45.1
+ embla-carousel-auto-scroll 8.6.0
+ embla-carousel-autoplay 8.6.0
+ embla-carousel-react 8.6.0
+ estree-walker 2.0.2
+ framer-motion 12.34.3
+ input-otp 1.4.2
+ leaflet 1.9.4
+ lucide-react 0.552.0
+ mini-svg-data-uri 1.4.4
+ motion 12.34.3
+ motion-dom 12.34.3
+ nanoid 5.1.6
+ next 16.1.6
+ next-themes 0.4.6
+ pg 8.18.0
+ qss 3.0.0
+ react 19.2.4
+ react-day-picker 9.13.2
+ react-dom 19.2.4
+ react-dropzone 14.4.1
+ react-fast-marquee 1.6.5
+ react-hook-form 7.71.1
+ react-icons 5.5.0
+ react-intersection-observer 10.0.3
+ react-leaflet 5.0.0
+ react-resizable-panels 3.0.6
+ react-responsive-masonry 2.7.1
+ react-syntax-highlighter 15.6.6
+ react-wrap-balancer 1.1.1
+ recharts 3.7.0
+ resend 6.9.2
+ simplex-noise 4.0.3
+ sonner 2.0.7
+ stripe 19.3.1
+ swiper 12.1.2
+ tailwind-merge 3.5.0
+ tailwindcss-animate 1.0.7
+ three 0.178.0
+ three-globe 2.45.0
+ vaul 1.1.2
+ zod 4.3.6

devDependencies:
+ @eslint/eslintrc 3.3.3
+ @tailwindcss/postcss 4.2.0
+ @types/node 20.19.33
+ @types/react 19.2.14
+ @types/react-dom 19.2.3
+ @types/react-syntax-highlighter 15.5.13
+ @types/three 0.178.1
+ eslint 9.39.3
+ eslint-config-next 16.1.6
+ tailwindcss 4.2.0
+ tw-animate-css 1.4.0
+ typescript 5.9.3

╭ Warning ─────────────────────────────────────────────────────────────────────╮
│                                                                              │
│   Ignored build scripts: @tsparticles/engine@3.9.1, bcrypt@6.0.0,            │
│   esbuild@0.18.20, esbuild@0.25.12, sharp@0.34.5, unrs-resolver@1.11.1.      │
│   Run "pnpm approve-builds" to pick which dependencies should be allowed     │
│   to run scripts.                                                            │
│                                                                              │
╰──────────────────────────────────────────────────────────────────────────────╯
Done in 24.6s using pnpm v10.28.0
