▲ Next.js 16.1.6 (Turbopack)
- Local:         http://localhost:3000
- Network:       http://192.168.0.2:3000

✓ Starting...
⚠ The "middleware" file convention is deprecated. Please use "proxy" instead. Learn more: https://nextjs.org/docs/messages/middleware-to-proxy
✓ Ready in 1204ms
○ Compiling /app/videos-creations ...
 GET /app/videos-creations 200 in 9.1s (compile: 7.8s, proxy.ts: 110ms, render: 1175ms)
○ Compiling /api/auth/[...all] ...
Error fetching creators: Error: Failed query: select "user_id", count("id") from "videos" group by "videos"."user_id" order by count("videos"."id") desc limit $1
params: 10
    at async GET (src/app/api/creators/route.ts:9:29)
   7 | export async function GET(req: NextRequest) {
   8 |     try {
>  9 |         const topCreators = await db.select({
     |                             ^
  10 |             userId: videos.userId,
  11 |             videoCount: count(videos.id),
  12 |         }) {
  query: 'select "user_id", count("id") from "videos" group by "videos"."user_id" order by count("videos"."id") desc limit $1',
  params: [Array],
  [cause]: AggregateError:
      at async GET (src/app/api/creators/route.ts:9:29)
     7 | export async function GET(req: NextRequest) {
     8 |     try {
  >  9 |         const topCreators = await db.select({
       |                             ^
    10 |             userId: videos.userId,
    11 |             videoCount: count(videos.id),
    12 |         }) {
    code: 'ECONNREFUSED'
  }
}
 GET /api/creators 500 in 7.6s (compile: 6.5s, proxy.ts: 26ms, render: 1129ms)
[2m2026-02-20T16:05:01.094Z[0m [33mWARN[0m [1m[Better Auth]:[0m [better-auth] Base URL could not be determined. Please set a valid base URL using the baseURL config option or the BETTER_AUTH_BASE_URL environment variable. Without this, callbacks and redirects may not work correctly.
[2m2026-02-20T16:05:01.099Z[0m [33mWARN[0m [1m[Better Auth]:[0m Social provider github is missing clientId or clientSecret
[2m2026-02-20T16:05:01.100Z[0m [33mWARN[0m [1m[Better Auth]:[0m Social provider google is missing clientId or clientSecret
 GET /api/notifications 401 in 9.7s (compile: 9.7s, proxy.ts: 8ms, render: 27ms)
Error fetching videos: Error: Failed query: select "videos"."id", "videos"."user_id", "videos"."salon_id", "videos"."title", "videos"."description", "videos"."video_url", "videos"."thumbnail_url", "videos"."category", "videos"."status", "videos"."views", "videos"."likes", "videos"."is_live", "videos"."created_at", "videos_user"."data" as "user", "videos_salon"."data" as "salon", "videos_products"."data" as "products" from "videos" "videos" left join lateral (select json_build_array("videos_user"."id", "videos_user"."name", "videos_user"."email", "videos_user"."email_verified", "videos_user"."image", "videos_user"."role", "videos_user"."is_suspended", "videos_user"."loyalty_points", "videos_user"."created_at", "videos_user"."updated_at") as "data" from (select * from "users" "videos_user" where "videos_user"."id" = "videos"."user_id" limit $1) "videos_user") "videos_user" on true left join lateral (select json_build_array("videos_salon"."id", "videos_salon"."owner_id", "videos_salon"."name", "videos_salon"."slug", "videos_salon"."description", "videos_salon"."address", "videos_salon"."city", "videos_salon"."zip_code", "videos_salon"."latitude", "videos_salon"."longitude", "videos_salon"."phone", "videos_salon"."email", "videos_salon"."website", "videos_salon"."image", "videos_salon"."status", "videos_salon"."is_verified", "videos_salon"."type", "videos_salon"."created_at", "videos_salon"."updated_at") as "data" from (select * from "salons" "videos_salon" where "videos_salon"."id" = "videos"."salon_id" limit $2) "videos_salon") "videos_salon" on true left join lateral (select coalesce(json_agg(json_build_array("videos_products"."id", "videos_products"."video_id", "videos_products"."product_id", "videos_products"."created_at", "videos_products_product"."data")), '[]'::json) as "data" from "video_products" "videos_products" left join lateral (select json_build_array("videos_products_product"."id", "videos_products_product"."salon_id", "videos_products_product"."name", "videos_products_product"."description", "videos_products_product"."price", "videos_products_product"."stock", "videos_products_product"."has_variants", "videos_products_product"."images", "videos_products_product"."is_active", "videos_products_product"."category", "videos_products_product"."brand", "videos_products_product"."rating", "videos_products_product"."review_count", "videos_products_product"."created_at", "videos_products_product"."updated_at") as "data" from (select * from "products" "videos_products_product" where "videos_products_product"."id" = "videos_products"."product_id" limit $3) "videos_products_product") "videos_products_product" on true where "videos_products"."video_id" = "videos"."id") "videos_products" on true order by "videos"."created_at" desc limit $4
params: 1,1,1,20
    at async GET (src/app/api/videos/route.ts:77:28)
  75 |
  76 |         // Single Query with Pagination
> 77 |         const videosList = await db.query.videos.findMany({
     |                            ^
  78 |             where: conditions.length > 0 ? and(...conditions) : undefined,
  79 |             with: {
  80 |                 user: true, {
  query: `select "videos"."id", "videos"."user_id", "videos"."salon_id", "videos"."title", "videos"."description", "videos"."video_url", "videos"."thumbnail_url", "videos"."category", "videos"."status", "videos"."views", "videos"."likes", "videos"."is_live", "videos"."created_at", "videos_user"."data" as "user", "videos_salon"."data" as "salon", "videos_products"."data" as "products" from "videos" "videos" left join lateral (select json_build_array("videos_user"."id", "videos_user"."name", "videos_user"."email", "videos_user"."email_verified", "videos_user"."image", "videos_user"."role", "videos_user"."is_suspended", "videos_user"."loyalty_points", "videos_user"."created_at", "videos_user"."updated_at") as "data" from (select * from "users" "videos_user" where "videos_user"."id" = "videos"."user_id" limit $1) "videos_user") "videos_user" on true left join lateral (select json_build_array("videos_salon"."id", "videos_salon"."owner_id", "videos_salon"."name", "videos_salon"."slug", "videos_salon"."description", "videos_salon"."address", "videos_salon"."city", "videos_salon"."zip_code", "videos_salon"."latitude", "videos_salon"."longitude", "videos_salon"."phone", "videos_salon"."email", "videos_salon"."website", "videos_salon"."image", "videos_salon"."status", "videos_salon"."is_verified", "videos_salon"."type", "videos_salon"."created_at", "videos_salon"."updated_at") as "data" from (select * from "salons" "videos_salon" where "videos_salon"."id" = "videos"."salon_id" limit $2) "videos_salon") "videos_salon" on true left join lateral (select coalesce(json_agg(json_build_array("videos_products"."id", "videos_products"."video_id", "videos_products"."product_id", "videos_products"."created_at", "videos_products_product"."data")), '[]'::json) as "data" from "video_products" "videos_products" left join lateral (select json_build_array("videos_products_product"."id", "videos_products_product"."salon_id", "videos_products_product"."name", "videos_products_product"."description", "videos_products_product"."price", "videos_products_product"."stock", "videos_products_product"."has_variants", "videos_products_product"."images", "videos_products_product"."is_active", "videos_products_product"."category", "videos_products_product"."brand", "videos_products_product"."rating", "videos_products_product"."review_count", "videos_products_product"."created_at", "videos_products_product"."updated_at") as "data" from (select * from "products" "videos_products_product" where "videos_products_product"."id" = "videos_products"."product_id" limit $3) "videos_products_product") "videos_products_product" on true where "videos_products"."video_id" = "videos"."id") "videos_products" on true order by "videos"."created_at" desc limit $4`,
  params: [Array],
  [cause]: AggregateError:
      at async GET (src/app/api/videos/route.ts:77:28)
    75 |
    76 |         // Single Query with Pagination
  > 77 |         const videosList = await db.query.videos.findMany({
       |                            ^
    78 |             where: conditions.length > 0 ? and(...conditions) : undefined,
    79 |             with: {
    80 |                 user: true, {
    code: 'ECONNREFUSED'
  }
}
 GET /api/videos?page=1&limit=20 500 in 9.8s (compile: 9.4s, proxy.ts: 14ms, render: 371ms)
Error fetching videos: Error: Failed query: select "videos"."id", "videos"."user_id", "videos"."salon_id", "videos"."title", "videos"."description", "videos"."video_url", "videos"."thumbnail_url", "videos"."category", "videos"."status", "videos"."views", "videos"."likes", "videos"."is_live", "videos"."created_at", "videos_user"."data" as "user", "videos_salon"."data" as "salon", "videos_products"."data" as "products" from "videos" "videos" left join lateral (select json_build_array("videos_user"."id", "videos_user"."name", "videos_user"."email", "videos_user"."email_verified", "videos_user"."image", "videos_user"."role", "videos_user"."is_suspended", "videos_user"."loyalty_points", "videos_user"."created_at", "videos_user"."updated_at") as "data" from (select * from "users" "videos_user" where "videos_user"."id" = "videos"."user_id" limit $1) "videos_user") "videos_user" on true left join lateral (select json_build_array("videos_salon"."id", "videos_salon"."owner_id", "videos_salon"."name", "videos_salon"."slug", "videos_salon"."description", "videos_salon"."address", "videos_salon"."city", "videos_salon"."zip_code", "videos_salon"."latitude", "videos_salon"."longitude", "videos_salon"."phone", "videos_salon"."email", "videos_salon"."website", "videos_salon"."image", "videos_salon"."status", "videos_salon"."is_verified", "videos_salon"."type", "videos_salon"."created_at", "videos_salon"."updated_at") as "data" from (select * from "salons" "videos_salon" where "videos_salon"."id" = "videos"."salon_id" limit $2) "videos_salon") "videos_salon" on true left join lateral (select coalesce(json_agg(json_build_array("videos_products"."id", "videos_products"."video_id", "videos_products"."product_id", "videos_products"."created_at", "videos_products_product"."data")), '[]'::json) as "data" from "video_products" "videos_products" left join lateral (select json_build_array("videos_products_product"."id", "videos_products_product"."salon_id", "videos_products_product"."name", "videos_products_product"."description", "videos_products_product"."price", "videos_products_product"."stock", "videos_products_product"."has_variants", "videos_products_product"."images", "videos_products_product"."is_active", "videos_products_product"."category", "videos_products_product"."brand", "videos_products_product"."rating", "videos_products_product"."review_count", "videos_products_product"."created_at", "videos_products_product"."updated_at") as "data" from (select * from "products" "videos_products_product" where "videos_products_product"."id" = "videos_products"."product_id" limit $3) "videos_products_product") "videos_products_product" on true where "videos_products"."video_id" = "videos"."id") "videos_products" on true order by "videos"."views" desc, "videos"."likes" desc limit $4
params: 1,1,1,1
    at async GET (src/app/api/videos/route.ts:77:28)
  75 |
  76 |         // Single Query with Pagination
> 77 |         const videosList = await db.query.videos.findMany({
     |                            ^
  78 |             where: conditions.length > 0 ? and(...conditions) : undefined,
  79 |             with: {
  80 |                 user: true, {
  query: `select "videos"."id", "videos"."user_id", "videos"."salon_id", "videos"."title", "videos"."description", "videos"."video_url", "videos"."thumbnail_url", "videos"."category", "videos"."status", "videos"."views", "videos"."likes", "videos"."is_live", "videos"."created_at", "videos_user"."data" as "user", "videos_salon"."data" as "salon", "videos_products"."data" as "products" from "videos" "videos" left join lateral (select json_build_array("videos_user"."id", "videos_user"."name", "videos_user"."email", "videos_user"."email_verified", "videos_user"."image", "videos_user"."role", "videos_user"."is_suspended", "videos_user"."loyalty_points", "videos_user"."created_at", "videos_user"."updated_at") as "data" from (select * from "users" "videos_user" where "videos_user"."id" = "videos"."user_id" limit $1) "videos_user") "videos_user" on true left join lateral (select json_build_array("videos_salon"."id", "videos_salon"."owner_id", "videos_salon"."name", "videos_salon"."slug", "videos_salon"."description", "videos_salon"."address", "videos_salon"."city", "videos_salon"."zip_code", "videos_salon"."latitude", "videos_salon"."longitude", "videos_salon"."phone", "videos_salon"."email", "videos_salon"."website", "videos_salon"."image", "videos_salon"."status", "videos_salon"."is_verified", "videos_salon"."type", "videos_salon"."created_at", "videos_salon"."updated_at") as "data" from (select * from "salons" "videos_salon" where "videos_salon"."id" = "videos"."salon_id" limit $2) "videos_salon") "videos_salon" on true left join lateral (select coalesce(json_agg(json_build_array("videos_products"."id", "videos_products"."video_id", "videos_products"."product_id", "videos_products"."created_at", "videos_products_product"."data")), '[]'::json) as "data" from "video_products" "videos_products" left join lateral (select json_build_array("videos_products_product"."id", "videos_products_product"."salon_id", "videos_products_product"."name", "videos_products_product"."description", "videos_products_product"."price", "videos_products_product"."stock", "videos_products_product"."has_variants", "videos_products_product"."images", "videos_products_product"."is_active", "videos_products_product"."category", "videos_products_product"."brand", "videos_products_product"."rating", "videos_products_product"."review_count", "videos_products_product"."created_at", "videos_products_product"."updated_at") as "data" from (select * from "products" "videos_products_product" where "videos_products_product"."id" = "videos_products"."product_id" limit $3) "videos_products_product") "videos_products_product" on true where "videos_products"."video_id" = "videos"."id") "videos_products" on true order by "videos"."views" desc, "videos"."likes" desc limit $4`,
  params: [Array],
  [cause]: AggregateError:
      at async GET (src/app/api/videos/route.ts:77:28)
    75 |
    76 |         // Single Query with Pagination
  > 77 |         const videosList = await db.query.videos.findMany({
       |                            ^
    78 |             where: conditions.length > 0 ? and(...conditions) : undefined,
    79 |             with: {
    80 |                 user: true, {
    code: 'ECONNREFUSED'
  }
}
 GET /api/videos?sortBy=popular&limit=1 500 in 10.0s (compile: 9.4s, proxy.ts: 30ms, render: 604ms)
 GET /api/notifications 401 in 543ms (compile: 529ms, proxy.ts: 6ms, render: 8ms)
[2m2026-02-20T16:05:02.223Z[0m [33mWARN[0m [1m[Better Auth]:[0m [better-auth] Base URL could not be determined. Please set a valid base URL using the baseURL config option or the BETTER_AUTH_BASE_URL environment variable. Without this, callbacks and redirects may not work correctly.
[2m2026-02-20T16:05:02.227Z[0m [33mWARN[0m [1m[Better Auth]:[0m Social provider github is missing clientId or clientSecret
[2m2026-02-20T16:05:02.227Z[0m [33mWARN[0m [1m[Better Auth]:[0m Social provider google is missing clientId or clientSecret
 GET /api/auth/get-session 200 in 10.8s (compile: 10.8s, proxy.ts: 15ms, render: 17ms)
⨯ ./app/src/app/app/videos-creations/page.tsx:6:1
Module not found: Can't resolve '@/components/videos-creations/MasonryVideoGrid'
[0m [90m 4 |[39m [36mimport[39m [33mStoriesRail[39m [36mfrom[39m [32m"@/components/videos-creations/StoriesRail"[39m[33m;[39m
 [90m 5 |[39m [36mimport[39m [33mPopularSearches[39m [36mfrom[39m [32m"@/components/videos-creations/PopularSearches"[39m[33m;[39m
[31m[1m>[22m[39m[90m 6 |[39m [36mimport[39m [33mMasonryVideoGrid[39m [36mfrom[39m [32m"@/components/videos-creations/MasonryVideoGrid"[39m[33m;[39m
 [90m   |[39m [31m[1m^[22m[39m[31m[1m^[22m[39m[31m[1m^[22m[39m[31m[1m^[22m[39m[31m[1m^[22m[39m[31m[1m^[22m[39m[31m[1m^[22m[39m[31m[1m^[22m[39m[31m[1m^[22m[39m[31m[1m^[22m[39m[31m[1m^[22m[39m[31m[1m^[22m[39m[31m[1m^[22m[39m[31m[1m^[22m[39m[31m[1m^[22m[39m[31m[1m^[22m[39m[31m[1m^[22m[39m[31m[1m^[22m[39m[31m[1m^[22m[39m[31m[1m^[22m[39m[31m[1m^[22m[39m[31m[1m^[22m[39m[31m[1m^[22m[39m[31m[1m^[22m[39m[31m[1m^[22m[39m[31m[1m^[22m[39m[31m[1m^[22m[39m[31m[1m^[22m[39m[31m[1m^[22m[39m[31m[1m^[22m[39m[31m[1m^[22m[39m[31m[1m^[22m[39m[31m[1m^[22m[39m[31m[1m^[22m[39m[31m[1m^[22m[39m[31m[1m^[22m[39m[31m[1m^[22m[39m[31m[1m^[22m[39m[31m[1m^[22m[39m[31m[1m^[22m[39m[31m[1m^[22m[39m[31m[1m^[22m[39m[31m[1m^[22m[39m[31m[1m^[22m[39m[31m[1m^[22m[39m[31m[1m^[22m[39m[31m[1m^[22m[39m[31m[1m^[22m[39m[31m[1m^[22m[39m[31m[1m^[22m[39m[31m[1m^[22m[39m[31m[1m^[22m[39m[31m[1m^[22m[39m[31m[1m^[22m[39m[31m[1m^[22m[39m[31m[1m^[22m[39m[31m[1m^[22m[39m[31m[1m^[22m[39m[31m[1m^[22m[39m[31m[1m^[22m[39m[31m[1m^[22m[39m[31m[1m^[22m[39m[31m[1m^[22m[39m[31m[1m^[22m[39m[31m[1m^[22m[39m[31m[1m^[22m[39m[31m[1m^[22m[39m[31m[1m^[22m[39m[31m[1m^[22m[39m[31m[1m^[22m[39m[31m[1m^[22m[39m[31m[1m^[22m[39m[31m[1m^[22m[39m[31m[1m^[22m[39m[31m[1m^[22m[39m[31m[1m^[22m[39m[31m[1m^[22m[39m[31m[1m^[22m[39m
 [90m 7 |[39m [36mimport[39m { useSession } [36mfrom[39m [32m"@/lib/auth-client"[39m[33m;[39m
 [90m 8 |[39m [36mimport[39m { [33mLoader2[39m } [36mfrom[39m [32m"lucide-react"[39m[33m;[39m
 [90m 9 |[39m [36mimport[39m { cn } [36mfrom[39m [32m"@/lib/utils"[39m[33m;[39m[0m

Import map: aliased to relative './src/components/videos-creations/MasonryVideoGrid' inside of [project]/app


Import traces:
  Client Component Browser:
    ./app/src/app/app/videos-creations/page.tsx [Client Component Browser]
    ./app/src/app/app/videos-creations/page.tsx [Server Component]

  Client Component SSR:
    ./app/src/app/app/videos-creations/page.tsx [Client Component SSR]
    ./app/src/app/app/videos-creations/page.tsx [Server Component]

https://nextjs.org/docs/messages/module-not-found


⨯ ./app/src/app/app/videos-creations/page.tsx:6:1
Module not found: Can't resolve '@/components/videos-creations/MasonryVideoGrid'
[0m [90m 4 |[39m [36mimport[39m [33mStoriesRail[39m [36mfrom[39m [32m"@/components/videos-creations/StoriesRail"[39m[33m;[39m
 [90m 5 |[39m [36mimport[39m [33mPopularSearches[39m [36mfrom[39m [32m"@/components/videos-creations/PopularSearches"[39m[33m;[39m
[31m[1m>[22m[39m[90m 6 |[39m [36mimport[39m [33mMasonryVideoGrid[39m [36mfrom[39m [32m"@/components/videos-creations/MasonryVideoGrid"[39m[33m;[39m
 [90m   |[39m [31m[1m^[22m[39m[31m[1m^[22m[39m[31m[1m^[22m[39m[31m[1m^[22m[39m[31m[1m^[22m[39m[31m[1m^[22m[39m[31m[1m^[22m[39m[31m[1m^[22m[39m[31m[1m^[22m[39m[31m[1m^[22m[39m[31m[1m^[22m[39m[31m[1m^[22m[39m[31m[1m^[22m[39m[31m[1m^[22m[39m[31m[1m^[22m[39m[31m[1m^[22m[39m[31m[1m^[22m[39m[31m[1m^[22m[39m[31m[1m^[22m[39m[31m[1m^[22m[39m[31m[1m^[22m[39m[31m[1m^[22m[39m[31m[1m^[22m[39m[31m[1m^[22m[39m[31m[1m^[22m[39m[31m[1m^[22m[39m[31m[1m^[22m[39m[31m[1m^[22m[39m[31m[1m^[22m[39m[31m[1m^[22m[39m[31m[1m^[22m[39m[31m[1m^[22m[39m[31m[1m^[22m[39m[31m[1m^[22m[39m[31m[1m^[22m[39m[31m[1m^[22m[39m[31m[1m^[22m[39m[31m[1m^[22m[39m[31m[1m^[22m[39m[31m[1m^[22m[39m[31m[1m^[22m[39m[31m[1m^[22m[39m[31m[1m^[22m[39m[31m[1m^[22m[39m[31m[1m^[22m[39m[31m[1m^[22m[39m[31m[1m^[22m[39m[31m[1m^[22m[39m[31m[1m^[22m[39m[31m[1m^[22m[39m[31m[1m^[22m[39m[31m[1m^[22m[39m[31m[1m^[22m[39m[31m[1m^[22m[39m[31m[1m^[22m[39m[31m[1m^[22m[39m[31m[1m^[22m[39m[31m[1m^[22m[39m[31m[1m^[22m[39m[31m[1m^[22m[39m[31m[1m^[22m[39m[31m[1m^[22m[39m[31m[1m^[22m[39m[31m[1m^[22m[39m[31m[1m^[22m[39m[31m[1m^[22m[39m[31m[1m^[22m[39m[31m[1m^[22m[39m[31m[1m^[22m[39m[31m[1m^[22m[39m[31m[1m^[22m[39m[31m[1m^[22m[39m[31m[1m^[22m[39m[31m[1m^[22m[39m[31m[1m^[22m[39m[31m[1m^[22m[39m[31m[1m^[22m[39m[31m[1m^[22m[39m
 [90m 7 |[39m [36mimport[39m { useSession } [36mfrom[39m [32m"@/lib/auth-client"[39m[33m;[39m
 [90m 8 |[39m [36mimport[39m { [33mLoader2[39m } [36mfrom[39m [32m"lucide-react"[39m[33m;[39m
 [90m 9 |[39m [36mimport[39m { cn } [36mfrom[39m [32m"@/lib/utils"[39m[33m;[39m[0m

Import map: aliased to relative './src/components/videos-creations/MasonryVideoGrid' inside of [project]/app


Import traces:
  Client Component Browser:
    ./app/src/app/app/videos-creations/page.tsx [Client Component Browser]
    ./app/src/app/app/videos-creations/page.tsx [Server Component]

  Client Component SSR:
    ./app/src/app/app/videos-creations/page.tsx [Client Component SSR]
    ./app/src/app/app/videos-creations/page.tsx [Server Component]

https://nextjs.org/docs/messages/module-not-found


⨯ ./app/src/app/app/videos-creations/page.tsx:6:1
Module not found: Can't resolve '@/components/videos-creations/MasonryVideoGrid'
[0m [90m 4 |[39m [36mimport[39m [33mStoriesRail[39m [36mfrom[39m [32m"@/components/videos-creations/StoriesRail"[39m[33m;[39m
 [90m 5 |[39m [36mimport[39m [33mPopularSearches[39m [36mfrom[39m [32m"@/components/videos-creations/PopularSearches"[39m[33m;[39m
[31m[1m>[22m[39m[90m 6 |[39m [36mimport[39m [33mMasonryVideoGrid[39m [36mfrom[39m [32m"@/components/videos-creations/MasonryVideoGrid"[39m[33m;[39m
 [90m   |[39m [31m[1m^[22m[39m[31m[1m^[22m[39m[31m[1m^[22m[39m[31m[1m^[22m[39m[31m[1m^[22m[39m[31m[1m^[22m[39m[31m[1m^[22m[39m[31m[1m^[22m[39m[31m[1m^[22m[39m[31m[1m^[22m[39m[31m[1m^[22m[39m[31m[1m^[22m[39m[31m[1m^[22m[39m[31m[1m^[22m[39m[31m[1m^[22m[39m[31m[1m^[22m[39m[31m[1m^[22m[39m[31m[1m^[22m[39m[31m[1m^[22m[39m[31m[1m^[22m[39m[31m[1m^[22m[39m[31m[1m^[22m[39m[31m[1m^[22m[39m[31m[1m^[22m[39m[31m[1m^[22m[39m[31m[1m^[22m[39m[31m[1m^[22m[39m[31m[1m^[22m[39m[31m[1m^[22m[39m[31m[1m^[22m[39m[31m[1m^[22m[39m[31m[1m^[22m[39m[31m[1m^[22m[39m[31m[1m^[22m[39m[31m[1m^[22m[39m[31m[1m^[22m[39m[31m[1m^[22m[39m[31m[1m^[22m[39m[31m[1m^[22m[39m[31m[1m^[22m[39m[31m[1m^[22m[39m[31m[1m^[22m[39m[31m[1m^[22m[39m[31m[1m^[22m[39m[31m[1m^[22m[39m[31m[1m^[22m[39m[31m[1m^[22m[39m[31m[1m^[22m[39m[31m[1m^[22m[39m[31m[1m^[22m[39m[31m[1m^[22m[39m[31m[1m^[22m[39m[31m[1m^[22m[39m[31m[1m^[22m[39m[31m[1m^[22m[39m[31m[1m^[22m[39m[31m[1m^[22m[39m[31m[1m^[22m[39m[31m[1m^[22m[39m[31m[1m^[22m[39m[31m[1m^[22m[39m[31m[1m^[22m[39m[31m[1m^[22m[39m[31m[1m^[22m[39m[31m[1m^[22m[39m[31m[1m^[22m[39m[31m[1m^[22m[39m[31m[1m^[22m[39m[31m[1m^[22m[39m[31m[1m^[22m[39m[31m[1m^[22m[39m[31m[1m^[22m[39m[31m[1m^[22m[39m[31m[1m^[22m[39m[31m[1m^[22m[39m[31m[1m^[22m[39m[31m[1m^[22m[39m[31m[1m^[22m[39m
 [90m 7 |[39m [36mimport[39m { useSession } [36mfrom[39m [32m"@/lib/auth-client"[39m[33m;[39m
 [90m 8 |[39m [36mimport[39m { [33mLoader2[39m } [36mfrom[39m [32m"lucide-react"[39m[33m;[39m
 [90m 9 |[39m [36mimport[39m { cn } [36mfrom[39m [32m"@/lib/utils"[39m[33m;[39m[0m

Import map: aliased to relative './src/components/videos-creations/MasonryVideoGrid' inside of [project]/app


Import traces:
  Client Component Browser:
    ./app/src/app/app/videos-creations/page.tsx [Client Component Browser]
    ./app/src/app/app/videos-creations/page.tsx [Server Component]

  Client Component SSR:
    ./app/src/app/app/videos-creations/page.tsx [Client Component SSR]
    ./app/src/app/app/videos-creations/page.tsx [Server Component]

https://nextjs.org/docs/messages/module-not-found


⨯ ./app/src/app/app/videos-creations/page.tsx:6:1
Module not found: Can't resolve '@/components/videos-creations/MasonryVideoGrid'
[0m [90m 4 |[39m [36mimport[39m [33mStoriesRail[39m [36mfrom[39m [32m"@/components/videos-creations/StoriesRail"[39m[33m;[39m
 [90m 5 |[39m [36mimport[39m [33mPopularSearches[39m [36mfrom[39m [32m"@/components/videos-creations/PopularSearches"[39m[33m;[39m
[31m[1m>[22m[39m[90m 6 |[39m [36mimport[39m [33mMasonryVideoGrid[39m [36mfrom[39m [32m"@/components/videos-creations/MasonryVideoGrid"[39m[33m;[39m
 [90m   |[39m [31m[1m^[22m[39m[31m[1m^[22m[39m[31m[1m^[22m[39m[31m[1m^[22m[39m[31m[1m^[22m[39m[31m[1m^[22m[39m[31m[1m^[22m[39m[31m[1m^[22m[39m[31m[1m^[22m[39m[31m[1m^[22m[39m[31m[1m^[22m[39m[31m[1m^[22m[39m[31m[1m^[22m[39m[31m[1m^[22m[39m[31m[1m^[22m[39m[31m[1m^[22m[39m[31m[1m^[22m[39m[31m[1m^[22m[39m[31m[1m^[22m[39m[31m[1m^[22m[39m[31m[1m^[22m[39m[31m[1m^[22m[39m[31m[1m^[22m[39m[31m[1m^[22m[39m[31m[1m^[22m[39m[31m[1m^[22m[39m[31m[1m^[22m[39m[31m[1m^[22m[39m[31m[1m^[22m[39m[31m[1m^[22m[39m[31m[1m^[22m[39m[31m[1m^[22m[39m[31m[1m^[22m[39m[31m[1m^[22m[39m[31m[1m^[22m[39m[31m[1m^[22m[39m[31m[1m^[22m[39m[31m[1m^[22m[39m[31m[1m^[22m[39m[31m[1m^[22m[39m[31m[1m^[22m[39m[31m[1m^[22m[39m[31m[1m^[22m[39m[31m[1m^[22m[39m[31m[1m^[22m[39m[31m[1m^[22m[39m[31m[1m^[22m[39m[31m[1m^[22m[39m[31m[1m^[22m[39m[31m[1m^[22m[39m[31m[1m^[22m[39m[31m[1m^[22m[39m[31m[1m^[22m[39m[31m[1m^[22m[39m[31m[1m^[22m[39m[31m[1m^[22m[39m[31m[1m^[22m[39m[31m[1m^[22m[39m[31m[1m^[22m[39m[31m[1m^[22m[39m[31m[1m^[22m[39m[31m[1m^[22m[39m[31m[1m^[22m[39m[31m[1m^[22m[39m[31m[1m^[22m[39m[31m[1m^[22m[39m[31m[1m^[22m[39m[31m[1m^[22m[39m[31m[1m^[22m[39m[31m[1m^[22m[39m[31m[1m^[22m[39m[31m[1m^[22m[39m[31m[1m^[22m[39m[31m[1m^[22m[39m[31m[1m^[22m[39m[31m[1m^[22m[39m[31m[1m^[22m[39m[31m[1m^[22m[39m
 [90m 7 |[39m [36mimport[39m { useSession } [36mfrom[39m [32m"@/lib/auth-client"[39m[33m;[39m
 [90m 8 |[39m [36mimport[39m { [33mLoader2[39m } [36mfrom[39m [32m"lucide-react"[39m[33m;[39m
 [90m 9 |[39m [36mimport[39m { cn } [36mfrom[39m [32m"@/lib/utils"[39m[33m;[39m[0m

Import map: aliased to relative './src/components/videos-creations/MasonryVideoGrid' inside of [project]/app


Import traces:
  Client Component Browser:
    ./app/src/app/app/videos-creations/page.tsx [Client Component Browser]
    ./app/src/app/app/videos-creations/page.tsx [Server Component]

  Client Component SSR:
    ./app/src/app/app/videos-creations/page.tsx [Client Component SSR]
    ./app/src/app/app/videos-creations/page.tsx [Server Component]

https://nextjs.org/docs/messages/module-not-found


⨯ ./app/src/app/app/videos-creations/page.tsx:5:1
Module not found: Can't resolve '@/components/videos-creations/PopularSearches'
[0m [90m 3 |[39m [36mimport[39m { useState[33m,[39m useEffect[33m,[39m useCallback } [36mfrom[39m [32m"react"[39m[33m;[39m
 [90m 4 |[39m [36mimport[39m [33mStoriesRail[39m [36mfrom[39m [32m"@/components/videos-creations/StoriesRail"[39m[33m;[39m
[31m[1m>[22m[39m[90m 5 |[39m [36mimport[39m [33mPopularSearches[39m [36mfrom[39m [32m"@/components/videos-creations/PopularSearches"[39m[33m;[39m
 [90m   |[39m [31m[1m^[22m[39m[31m[1m^[22m[39m[31m[1m^[22m[39m[31m[1m^[22m[39m[31m[1m^[22m[39m[31m[1m^[22m[39m[31m[1m^[22m[39m[31m[1m^[22m[39m[31m[1m^[22m[39m[31m[1m^[22m[39m[31m[1m^[22m[39m[31m[1m^[22m[39m[31m[1m^[22m[39m[31m[1m^[22m[39m[31m[1m^[22m[39m[31m[1m^[22m[39m[31m[1m^[22m[39m[31m[1m^[22m[39m[31m[1m^[22m[39m[31m[1m^[22m[39m[31m[1m^[22m[39m[31m[1m^[22m[39m[31m[1m^[22m[39m[31m[1m^[22m[39m[31m[1m^[22m[39m[31m[1m^[22m[39m[31m[1m^[22m[39m[31m[1m^[22m[39m[31m[1m^[22m[39m[31m[1m^[22m[39m[31m[1m^[22m[39m[31m[1m^[22m[39m[31m[1m^[22m[39m[31m[1m^[22m[39m[31m[1m^[22m[39m[31m[1m^[22m[39m[31m[1m^[22m[39m[31m[1m^[22m[39m[31m[1m^[22m[39m[31m[1m^[22m[39m[31m[1m^[22m[39m[31m[1m^[22m[39m[31m[1m^[22m[39m[31m[1m^[22m[39m[31m[1m^[22m[39m[31m[1m^[22m[39m[31m[1m^[22m[39m[31m[1m^[22m[39m[31m[1m^[22m[39m[31m[1m^[22m[39m[31m[1m^[22m[39m[31m[1m^[22m[39m[31m[1m^[22m[39m[31m[1m^[22m[39m[31m[1m^[22m[39m[31m[1m^[22m[39m[31m[1m^[22m[39m[31m[1m^[22m[39m[31m[1m^[22m[39m[31m[1m^[22m[39m[31m[1m^[22m[39m[31m[1m^[22m[39m[31m[1m^[22m[39m[31m[1m^[22m[39m[31m[1m^[22m[39m[31m[1m^[22m[39m[31m[1m^[22m[39m[31m[1m^[22m[39m[31m[1m^[22m[39m[31m[1m^[22m[39m[31m[1m^[22m[39m[31m[1m^[22m[39m[31m[1m^[22m[39m[31m[1m^[22m[39m[31m[1m^[22m[39m[31m[1m^[22m[39m
 [90m 6 |[39m [36mimport[39m [33mMasonryVideoGrid[39m [36mfrom[39m [32m"@/components/videos-creations/MasonryVideoGrid"[39m[33m;[39m
 [90m 7 |[39m [36mimport[39m { useSession } [36mfrom[39m [32m"@/lib/auth-client"[39m[33m;[39m
 [90m 8 |[39m [36mimport[39m { [33mLoader2[39m } [36mfrom[39m [32m"lucide-react"[39m[33m;[39m[0m

Import map: aliased to relative './src/components/videos-creations/PopularSearches' inside of [project]/app


Import traces:
  Client Component Browser:
    ./app/src/app/app/videos-creations/page.tsx [Client Component Browser]
    ./app/src/app/app/videos-creations/page.tsx [Server Component]

  Client Component SSR:
    ./app/src/app/app/videos-creations/page.tsx [Client Component SSR]
    ./app/src/app/app/videos-creations/page.tsx [Server Component]

https://nextjs.org/docs/messages/module-not-found


⨯ ./app/src/app/app/videos-creations/page.tsx:5:1
Module not found: Can't resolve '@/components/videos-creations/PopularSearches'
[0m [90m 3 |[39m [36mimport[39m { useState[33m,[39m useEffect[33m,[39m useCallback } [36mfrom[39m [32m"react"[39m[33m;[39m
 [90m 4 |[39m [36mimport[39m [33mStoriesRail[39m [36mfrom[39m [32m"@/components/videos-creations/StoriesRail"[39m[33m;[39m
[31m[1m>[22m[39m[90m 5 |[39m [36mimport[39m [33mPopularSearches[39m [36mfrom[39m [32m"@/components/videos-creations/PopularSearches"[39m[33m;[39m
 [90m   |[39m [31m[1m^[22m[39m[31m[1m^[22m[39m[31m[1m^[22m[39m[31m[1m^[22m[39m[31m[1m^[22m[39m[31m[1m^[22m[39m[31m[1m^[22m[39m[31m[1m^[22m[39m[31m[1m^[22m[39m[31m[1m^[22m[39m[31m[1m^[22m[39m[31m[1m^[22m[39m[31m[1m^[22m[39m[31m[1m^[22m[39m[31m[1m^[22m[39m[31m[1m^[22m[39m[31m[1m^[22m[39m[31m[1m^[22m[39m[31m[1m^[22m[39m[31m[1m^[22m[39m[31m[1m^[22m[39m[31m[1m^[22m[39m[31m[1m^[22m[39m[31m[1m^[22m[39m[31m[1m^[22m[39m[31m[1m^[22m[39m[31m[1m^[22m[39m[31m[1m^[22m[39m[31m[1m^[22m[39m[31m[1m^[22m[39m[31m[1m^[22m[39m[31m[1m^[22m[39m[31m[1m^[22m[39m[31m[1m^[22m[39m[31m[1m^[22m[39m[31m[1m^[22m[39m[31m[1m^[22m[39m[31m[1m^[22m[39m[31m[1m^[22m[39m[31m[1m^[22m[39m[31m[1m^[22m[39m[31m[1m^[22m[39m[31m[1m^[22m[39m[31m[1m^[22m[39m[31m[1m^[22m[39m[31m[1m^[22m[39m[31m[1m^[22m[39m[31m[1m^[22m[39m[31m[1m^[22m[39m[31m[1m^[22m[39m[31m[1m^[22m[39m[31m[1m^[22m[39m[31m[1m^[22m[39m[31m[1m^[22m[39m[31m[1m^[22m[39m[31m[1m^[22m[39m[31m[1m^[22m[39m[31m[1m^[22m[39m[31m[1m^[22m[39m[31m[1m^[22m[39m[31m[1m^[22m[39m[31m[1m^[22m[39m[31m[1m^[22m[39m[31m[1m^[22m[39m[31m[1m^[22m[39m[31m[1m^[22m[39m[31m[1m^[22m[39m[31m[1m^[22m[39m[31m[1m^[22m[39m[31m[1m^[22m[39m[31m[1m^[22m[39m[31m[1m^[22m[39m[31m[1m^[22m[39m[31m[1m^[22m[39m[31m[1m^[22m[39m[31m[1m^[22m[39m
 [90m 6 |[39m [36mimport[39m [33mMasonryVideoGrid[39m [36mfrom[39m [32m"@/components/videos-creations/MasonryVideoGrid"[39m[33m;[39m
 [90m 7 |[39m [36mimport[39m { useSession } [36mfrom[39m [32m"@/lib/auth-client"[39m[33m;[39m
 [90m 8 |[39m [36mimport[39m { [33mLoader2[39m } [36mfrom[39m [32m"lucide-react"[39m[33m;[39m[0m

Import map: aliased to relative './src/components/videos-creations/PopularSearches' inside of [project]/app


Import traces:
  Client Component Browser:
    ./app/src/app/app/videos-creations/page.tsx [Client Component Browser]
    ./app/src/app/app/videos-creations/page.tsx [Server Component]

  Client Component SSR:
    ./app/src/app/app/videos-creations/page.tsx [Client Component SSR]
    ./app/src/app/app/videos-creations/page.tsx [Server Component]

https://nextjs.org/docs/messages/module-not-found


⨯ ./app/src/app/app/videos-creations/page.tsx:5:1
Module not found: Can't resolve '@/components/videos-creations/PopularSearches'
[0m [90m 3 |[39m [36mimport[39m { useState[33m,[39m useEffect[33m,[39m useCallback } [36mfrom[39m [32m"react"[39m[33m;[39m
 [90m 4 |[39m [36mimport[39m [33mStoriesRail[39m [36mfrom[39m [32m"@/components/videos-creations/StoriesRail"[39m[33m;[39m
[31m[1m>[22m[39m[90m 5 |[39m [36mimport[39m [33mPopularSearches[39m [36mfrom[39m [32m"@/components/videos-creations/PopularSearches"[39m[33m;[39m
 [90m   |[39m [31m[1m^[22m[39m[31m[1m^[22m[39m[31m[1m^[22m[39m[31m[1m^[22m[39m[31m[1m^[22m[39m[31m[1m^[22m[39m[31m[1m^[22m[39m[31m[1m^[22m[39m[31m[1m^[22m[39m[31m[1m^[22m[39m[31m[1m^[22m[39m[31m[1m^[22m[39m[31m[1m^[22m[39m[31m[1m^[22m[39m[31m[1m^[22m[39m[31m[1m^[22m[39m[31m[1m^[22m[39m[31m[1m^[22m[39m[31m[1m^[22m[39m[31m[1m^[22m[39m[31m[1m^[22m[39m[31m[1m^[22m[39m[31m[1m^[22m[39m[31m[1m^[22m[39m[31m[1m^[22m[39m[31m[1m^[22m[39m[31m[1m^[22m[39m[31m[1m^[22m[39m[31m[1m^[22m[39m[31m[1m^[22m[39m[31m[1m^[22m[39m[31m[1m^[22m[39m[31m[1m^[22m[39m[31m[1m^[22m[39m[31m[1m^[22m[39m[31m[1m^[22m[39m[31m[1m^[22m[39m[31m[1m^[22m[39m[31m[1m^[22m[39m[31m[1m^[22m[39m[31m[1m^[22m[39m[31m[1m^[22m[39m[31m[1m^[22m[39m[31m[1m^[22m[39m[31m[1m^[22m[39m[31m[1m^[22m[39m[31m[1m^[22m[39m[31m[1m^[22m[39m[31m[1m^[22m[39m[31m[1m^[22m[39m[31m[1m^[22m[39m[31m[1m^[22m[39m[31m[1m^[22m[39m[31m[1m^[22m[39m[31m[1m^[22m[39m[31m[1m^[22m[39m[31m[1m^[22m[39m[31m[1m^[22m[39m[31m[1m^[22m[39m[31m[1m^[22m[39m[31m[1m^[22m[39m[31m[1m^[22m[39m[31m[1m^[22m[39m[31m[1m^[22m[39m[31m[1m^[22m[39m[31m[1m^[22m[39m[31m[1m^[22m[39m[31m[1m^[22m[39m[31m[1m^[22m[39m[31m[1m^[22m[39m[31m[1m^[22m[39m[31m[1m^[22m[39m[31m[1m^[22m[39m[31m[1m^[22m[39m[31m[1m^[22m[39m[31m[1m^[22m[39m
 [90m 6 |[39m [36mimport[39m [33mMasonryVideoGrid[39m [36mfrom[39m [32m"@/components/videos-creations/MasonryVideoGrid"[39m[33m;[39m
 [90m 7 |[39m [36mimport[39m { useSession } [36mfrom[39m [32m"@/lib/auth-client"[39m[33m;[39m
 [90m 8 |[39m [36mimport[39m { [33mLoader2[39m } [36mfrom[39m [32m"lucide-react"[39m[33m;[39m[0m

Import map: aliased to relative './src/components/videos-creations/PopularSearches' inside of [project]/app


Import traces:
  Client Component Browser:
    ./app/src/app/app/videos-creations/page.tsx [Client Component Browser]
    ./app/src/app/app/videos-creations/page.tsx [Server Component]

  Client Component SSR:
    ./app/src/app/app/videos-creations/page.tsx [Client Component SSR]
    ./app/src/app/app/videos-creations/page.tsx [Server Component]

https://nextjs.org/docs/messages/module-not-found


⨯ ./app/src/app/app/videos-creations/page.tsx:5:1
Module not found: Can't resolve '@/components/videos-creations/PopularSearches'
[0m [90m 3 |[39m [36mimport[39m { useState[33m,[39m useEffect[33m,[39m useCallback } [36mfrom[39m [32m"react"[39m[33m;[39m
 [90m 4 |[39m [36mimport[39m [33mStoriesRail[39m [36mfrom[39m [32m"@/components/videos-creations/StoriesRail"[39m[33m;[39m
[31m[1m>[22m[39m[90m 5 |[39m [36mimport[39m [33mPopularSearches[39m [36mfrom[39m [32m"@/components/videos-creations/PopularSearches"[39m[33m;[39m
 [90m   |[39m [31m[1m^[22m[39m[31m[1m^[22m[39m[31m[1m^[22m[39m[31m[1m^[22m[39m[31m[1m^[22m[39m[31m[1m^[22m[39m[31m[1m^[22m[39m[31m[1m^[22m[39m[31m[1m^[22m[39m[31m[1m^[22m[39m[31m[1m^[22m[39m[31m[1m^[22m[39m[31m[1m^[22m[39m[31m[1m^[22m[39m[31m[1m^[22m[39m[31m[1m^[22m[39m[31m[1m^[22m[39m[31m[1m^[22m[39m[31m[1m^[22m[39m[31m[1m^[22m[39m[31m[1m^[22m[39m[31m[1m^[22m[39m[31m[1m^[22m[39m[31m[1m^[22m[39m[31m[1m^[22m[39m[31m[1m^[22m[39m[31m[1m^[22m[39m[31m[1m^[22m[39m[31m[1m^[22m[39m[31m[1m^[22m[39m[31m[1m^[22m[39m[31m[1m^[22m[39m[31m[1m^[22m[39m[31m[1m^[22m[39m[31m[1m^[22m[39m[31m[1m^[22m[39m[31m[1m^[22m[39m[31m[1m^[22m[39m[31m[1m^[22m[39m[31m[1m^[22m[39m[31m[1m^[22m[39m[31m[1m^[22m[39m[31m[1m^[22m[39m[31m[1m^[22m[39m[31m[1m^[22m[39m[31m[1m^[22m[39m[31m[1m^[22m[39m[31m[1m^[22m[39m[31m[1m^[22m[39m[31m[1m^[22m[39m[31m[1m^[22m[39m[31m[1m^[22m[39m[31m[1m^[22m[39m[31m[1m^[22m[39m[31m[1m^[22m[39m[31m[1m^[22m[39m[31m[1m^[22m[39m[31m[1m^[22m[39m[31m[1m^[22m[39m[31m[1m^[22m[39m[31m[1m^[22m[39m[31m[1m^[22m[39m[31m[1m^[22m[39m[31m[1m^[22m[39m[31m[1m^[22m[39m[31m[1m^[22m[39m[31m[1m^[22m[39m[31m[1m^[22m[39m[31m[1m^[22m[39m[31m[1m^[22m[39m[31m[1m^[22m[39m[31m[1m^[22m[39m[31m[1m^[22m[39m[31m[1m^[22m[39m[31m[1m^[22m[39m[31m[1m^[22m[39m
 [90m 6 |[39m [36mimport[39m [33mMasonryVideoGrid[39m [36mfrom[39m [32m"@/components/videos-creations/MasonryVideoGrid"[39m[33m;[39m
 [90m 7 |[39m [36mimport[39m { useSession } [36mfrom[39m [32m"@/lib/auth-client"[39m[33m;[39m
 [90m 8 |[39m [36mimport[39m { [33mLoader2[39m } [36mfrom[39m [32m"lucide-react"[39m[33m;[39m[0m

Import map: aliased to relative './src/components/videos-creations/PopularSearches' inside of [project]/app


Import traces:
  Client Component Browser:
    ./app/src/app/app/videos-creations/page.tsx [Client Component Browser]
    ./app/src/app/app/videos-creations/page.tsx [Server Component]

  Client Component SSR:
    ./app/src/app/app/videos-creations/page.tsx [Client Component SSR]
    ./app/src/app/app/videos-creations/page.tsx [Server Component]

https://nextjs.org/docs/messages/module-not-found


⨯ ./app/src/app/app/videos-creations/page.tsx:4:1
Module not found: Can't resolve '@/components/videos-creations/StoriesRail'
[0m [90m 2 |[39m
 [90m 3 |[39m [36mimport[39m { useState[33m,[39m useEffect[33m,[39m useCallback } [36mfrom[39m [32m"react"[39m[33m;[39m
[31m[1m>[22m[39m[90m 4 |[39m [36mimport[39m [33mStoriesRail[39m [36mfrom[39m [32m"@/components/videos-creations/StoriesRail"[39m[33m;[39m
 [90m   |[39m [31m[1m^[22m[39m[31m[1m^[22m[39m[31m[1m^[22m[39m[31m[1m^[22m[39m[31m[1m^[22m[39m[31m[1m^[22m[39m[31m[1m^[22m[39m[31m[1m^[22m[39m[31m[1m^[22m[39m[31m[1m^[22m[39m[31m[1m^[22m[39m[31m[1m^[22m[39m[31m[1m^[22m[39m[31m[1m^[22m[39m[31m[1m^[22m[39m[31m[1m^[22m[39m[31m[1m^[22m[39m[31m[1m^[22m[39m[31m[1m^[22m[39m[31m[1m^[22m[39m[31m[1m^[22m[39m[31m[1m^[22m[39m[31m[1m^[22m[39m[31m[1m^[22m[39m[31m[1m^[22m[39m[31m[1m^[22m[39m[31m[1m^[22m[39m[31m[1m^[22m[39m[31m[1m^[22m[39m[31m[1m^[22m[39m[31m[1m^[22m[39m[31m[1m^[22m[39m[31m[1m^[22m[39m[31m[1m^[22m[39m[31m[1m^[22m[39m[31m[1m^[22m[39m[31m[1m^[22m[39m[31m[1m^[22m[39m[31m[1m^[22m[39m[31m[1m^[22m[39m[31m[1m^[22m[39m[31m[1m^[22m[39m[31m[1m^[22m[39m[31m[1m^[22m[39m[31m[1m^[22m[39m[31m[1m^[22m[39m[31m[1m^[22m[39m[31m[1m^[22m[39m[31m[1m^[22m[39m[31m[1m^[22m[39m[31m[1m^[22m[39m[31m[1m^[22m[39m[31m[1m^[22m[39m[31m[1m^[22m[39m[31m[1m^[22m[39m[31m[1m^[22m[39m[31m[1m^[22m[39m[31m[1m^[22m[39m[31m[1m^[22m[39m[31m[1m^[22m[39m[31m[1m^[22m[39m[31m[1m^[22m[39m[31m[1m^[22m[39m[31m[1m^[22m[39m[31m[1m^[22m[39m[31m[1m^[22m[39m[31m[1m^[22m[39m[31m[1m^[22m[39m
 [90m 5 |[39m [36mimport[39m [33mPopularSearches[39m [36mfrom[39m [32m"@/components/videos-creations/PopularSearches"[39m[33m;[39m
 [90m 6 |[39m [36mimport[39m [33mMasonryVideoGrid[39m [36mfrom[39m [32m"@/components/videos-creations/MasonryVideoGrid"[39m[33m;[39m
 [90m 7 |[39m [36mimport[39m { useSession } [36mfrom[39m [32m"@/lib/auth-client"[39m[33m;[39m[0m

Import map: aliased to relative './src/components/videos-creations/StoriesRail' inside of [project]/app


Import traces:
  Client Component Browser:
    ./app/src/app/app/videos-creations/page.tsx [Client Component Browser]
    ./app/src/app/app/videos-creations/page.tsx [Server Component]

  Client Component SSR:
    ./app/src/app/app/videos-creations/page.tsx [Client Component SSR]
    ./app/src/app/app/videos-creations/page.tsx [Server Component]

https://nextjs.org/docs/messages/module-not-found


⨯ ./app/src/app/app/videos-creations/page.tsx:4:1
Module not found: Can't resolve '@/components/videos-creations/StoriesRail'
[0m [90m 2 |[39m
 [90m 3 |[39m [36mimport[39m { useState[33m,[39m useEffect[33m,[39m useCallback } [36mfrom[39m [32m"react"[39m[33m;[39m
[31m[1m>[22m[39m[90m 4 |[39m [36mimport[39m [33mStoriesRail[39m [36mfrom[39m [32m"@/components/videos-creations/StoriesRail"[39m[33m;[39m
 [90m   |[39m [31m[1m^[22m[39m[31m[1m^[22m[39m[31m[1m^[22m[39m[31m[1m^[22m[39m[31m[1m^[22m[39m[31m[1m^[22m[39m[31m[1m^[22m[39m[31m[1m^[22m[39m[31m[1m^[22m[39m[31m[1m^[22m[39m[31m[1m^[22m[39m[31m[1m^[22m[39m[31m[1m^[22m[39m[31m[1m^[22m[39m[31m[1m^[22m[39m[31m[1m^[22m[39m[31m[1m^[22m[39m[31m[1m^[22m[39m[31m[1m^[22m[39m[31m[1m^[22m[39m[31m[1m^[22m[39m[31m[1m^[22m[39m[31m[1m^[22m[39m[31m[1m^[22m[39m[31m[1m^[22m[39m[31m[1m^[22m[39m[31m[1m^[22m[39m[31m[1m^[22m[39m[31m[1m^[22m[39m[31m[1m^[22m[39m[31m[1m^[22m[39m[31m[1m^[22m[39m[31m[1m^[22m[39m[31m[1m^[22m[39m[31m[1m^[22m[39m[31m[1m^[22m[39m[31m[1m^[22m[39m[31m[1m^[22m[39m[31m[1m^[22m[39m[31m[1m^[22m[39m[31m[1m^[22m[39m[31m[1m^[22m[39m[31m[1m^[22m[39m[31m[1m^[22m[39m[31m[1m^[22m[39m[31m[1m^[22m[39m[31m[1m^[22m[39m[31m[1m^[22m[39m[31m[1m^[22m[39m[31m[1m^[22m[39m[31m[1m^[22m[39m[31m[1m^[22m[39m[31m[1m^[22m[39m[31m[1m^[22m[39m[31m[1m^[22m[39m[31m[1m^[22m[39m[31m[1m^[22m[39m[31m[1m^[22m[39m[31m[1m^[22m[39m[31m[1m^[22m[39m[31m[1m^[22m[39m[31m[1m^[22m[39m[31m[1m^[22m[39m[31m[1m^[22m[39m[31m[1m^[22m[39m[31m[1m^[22m[39m[31m[1m^[22m[39m[31m[1m^[22m[39m
 [90m 5 |[39m [36mimport[39m [33mPopularSearches[39m [36mfrom[39m [32m"@/components/videos-creations/PopularSearches"[39m[33m;[39m
 [90m 6 |[39m [36mimport[39m [33mMasonryVideoGrid[39m [36mfrom[39m [32m"@/components/videos-creations/MasonryVideoGrid"[39m[33m;[39m
 [90m 7 |[39m [36mimport[39m { useSession } [36mfrom[39m [32m"@/lib/auth-client"[39m[33m;[39m[0m

Import map: aliased to relative './src/components/videos-creations/StoriesRail' inside of [project]/app


Import traces:
  Client Component Browser:
    ./app/src/app/app/videos-creations/page.tsx [Client Component Browser]
    ./app/src/app/app/videos-creations/page.tsx [Server Component]

  Client Component SSR:
    ./app/src/app/app/videos-creations/page.tsx [Client Component SSR]
    ./app/src/app/app/videos-creations/page.tsx [Server Component]

https://nextjs.org/docs/messages/module-not-found


⨯ ./app/src/app/app/videos-creations/page.tsx:4:1
Module not found: Can't resolve '@/components/videos-creations/StoriesRail'
[0m [90m 2 |[39m
 [90m 3 |[39m [36mimport[39m { useState[33m,[39m useEffect[33m,[39m useCallback } [36mfrom[39m [32m"react"[39m[33m;[39m
[31m[1m>[22m[39m[90m 4 |[39m [36mimport[39m [33mStoriesRail[39m [36mfrom[39m [32m"@/components/videos-creations/StoriesRail"[39m[33m;[39m
 [90m   |[39m [31m[1m^[22m[39m[31m[1m^[22m[39m[31m[1m^[22m[39m[31m[1m^[22m[39m[31m[1m^[22m[39m[31m[1m^[22m[39m[31m[1m^[22m[39m[31m[1m^[22m[39m[31m[1m^[22m[39m[31m[1m^[22m[39m[31m[1m^[22m[39m[31m[1m^[22m[39m[31m[1m^[22m[39m[31m[1m^[22m[39m[31m[1m^[22m[39m[31m[1m^[22m[39m[31m[1m^[22m[39m[31m[1m^[22m[39m[31m[1m^[22m[39m[31m[1m^[22m[39m[31m[1m^[22m[39m[31m[1m^[22m[39m[31m[1m^[22m[39m[31m[1m^[22m[39m[31m[1m^[22m[39m[31m[1m^[22m[39m[31m[1m^[22m[39m[31m[1m^[22m[39m[31m[1m^[22m[39m[31m[1m^[22m[39m[31m[1m^[22m[39m[31m[1m^[22m[39m[31m[1m^[22m[39m[31m[1m^[22m[39m[31m[1m^[22m[39m[31m[1m^[22m[39m[31m[1m^[22m[39m[31m[1m^[22m[39m[31m[1m^[22m[39m[31m[1m^[22m[39m[31m[1m^[22m[39m[31m[1m^[22m[39m[31m[1m^[22m[39m[31m[1m^[22m[39m[31m[1m^[22m[39m[31m[1m^[22m[39m[31m[1m^[22m[39m[31m[1m^[22m[39m[31m[1m^[22m[39m[31m[1m^[22m[39m[31m[1m^[22m[39m[31m[1m^[22m[39m[31m[1m^[22m[39m[31m[1m^[22m[39m[31m[1m^[22m[39m[31m[1m^[22m[39m[31m[1m^[22m[39m[31m[1m^[22m[39m[31m[1m^[22m[39m[31m[1m^[22m[39m[31m[1m^[22m[39m[31m[1m^[22m[39m[31m[1m^[22m[39m[31m[1m^[22m[39m[31m[1m^[22m[39m[31m[1m^[22m[39m[31m[1m^[22m[39m[31m[1m^[22m[39m
 [90m 5 |[39m [36mimport[39m [33mPopularSearches[39m [36mfrom[39m [32m"@/components/videos-creations/PopularSearches"[39m[33m;[39m
 [90m 6 |[39m [36mimport[39m [33mMasonryVideoGrid[39m [36mfrom[39m [32m"@/components/videos-creations/MasonryVideoGrid"[39m[33m;[39m
 [90m 7 |[39m [36mimport[39m { useSession } [36mfrom[39m [32m"@/lib/auth-client"[39m[33m;[39m[0m

Import map: aliased to relative './src/components/videos-creations/StoriesRail' inside of [project]/app


Import traces:
  Client Component Browser:
    ./app/src/app/app/videos-creations/page.tsx [Client Component Browser]
    ./app/src/app/app/videos-creations/page.tsx [Server Component]

  Client Component SSR:
    ./app/src/app/app/videos-creations/page.tsx [Client Component SSR]
    ./app/src/app/app/videos-creations/page.tsx [Server Component]

https://nextjs.org/docs/messages/module-not-found


⨯ ./app/src/app/app/videos-creations/page.tsx:4:1
Module not found: Can't resolve '@/components/videos-creations/StoriesRail'
[0m [90m 2 |[39m
 [90m 3 |[39m [36mimport[39m { useState[33m,[39m useEffect[33m,[39m useCallback } [36mfrom[39m [32m"react"[39m[33m;[39m
[31m[1m>[22m[39m[90m 4 |[39m [36mimport[39m [33mStoriesRail[39m [36mfrom[39m [32m"@/components/videos-creations/StoriesRail"[39m[33m;[39m
 [90m   |[39m [31m[1m^[22m[39m[31m[1m^[22m[39m[31m[1m^[22m[39m[31m[1m^[22m[39m[31m[1m^[22m[39m[31m[1m^[22m[39m[31m[1m^[22m[39m[31m[1m^[22m[39m[31m[1m^[22m[39m[31m[1m^[22m[39m[31m[1m^[22m[39m[31m[1m^[22m[39m[31m[1m^[22m[39m[31m[1m^[22m[39m[31m[1m^[22m[39m[31m[1m^[22m[39m[31m[1m^[22m[39m[31m[1m^[22m[39m[31m[1m^[22m[39m[31m[1m^[22m[39m[31m[1m^[22m[39m[31m[1m^[22m[39m[31m[1m^[22m[39m[31m[1m^[22m[39m[31m[1m^[22m[39m[31m[1m^[22m[39m[31m[1m^[22m[39m[31m[1m^[22m[39m[31m[1m^[22m[39m[31m[1m^[22m[39m[31m[1m^[22m[39m[31m[1m^[22m[39m[31m[1m^[22m[39m[31m[1m^[22m[39m[31m[1m^[22m[39m[31m[1m^[22m[39m[31m[1m^[22m[39m[31m[1m^[22m[39m[31m[1m^[22m[39m[31m[1m^[22m[39m[31m[1m^[22m[39m[31m[1m^[22m[39m[31m[1m^[22m[39m[31m[1m^[22m[39m[31m[1m^[22m[39m[31m[1m^[22m[39m[31m[1m^[22m[39m[31m[1m^[22m[39m[31m[1m^[22m[39m[31m[1m^[22m[39m[31m[1m^[22m[39m[31m[1m^[22m[39m[31m[1m^[22m[39m[31m[1m^[22m[39m[31m[1m^[22m[39m[31m[1m^[22m[39m[31m[1m^[22m[39m[31m[1m^[22m[39m[31m[1m^[22m[39m[31m[1m^[22m[39m[31m[1m^[22m[39m[31m[1m^[22m[39m[31m[1m^[22m[39m[31m[1m^[22m[39m[31m[1m^[22m[39m[31m[1m^[22m[39m[31m[1m^[22m[39m[31m[1m^[22m[39m
 [90m 5 |[39m [36mimport[39m [33mPopularSearches[39m [36mfrom[39m [32m"@/components/videos-creations/PopularSearches"[39m[33m;[39m
 [90m 6 |[39m [36mimport[39m [33mMasonryVideoGrid[39m [36mfrom[39m [32m"@/components/videos-creations/MasonryVideoGrid"[39m[33m;[39m
 [90m 7 |[39m [36mimport[39m { useSession } [36mfrom[39m [32m"@/lib/auth-client"[39m[33m;[39m[0m

Import map: aliased to relative './src/components/videos-creations/StoriesRail' inside of [project]/app


Import traces:
  Client Component Browser:
    ./app/src/app/app/videos-creations/page.tsx [Client Component Browser]
    ./app/src/app/app/videos-creations/page.tsx [Server Component]

  Client Component SSR:
    ./app/src/app/app/videos-creations/page.tsx [Client Component SSR]
    ./app/src/app/app/videos-creations/page.tsx [Server Component]

https://nextjs.org/docs/messages/module-not-found


  Reload env: .env
✓ Compiled in 4.5s
