
> app@0.1.0 dev /app
> next dev --turbopack

▲ Next.js 16.1.6 (Turbopack)
- Local:         http://localhost:3000
- Network:       http://192.168.0.2:3000

✓ Starting...
Attention: Next.js now collects completely anonymous telemetry regarding usage.
This information is used to shape Next.js' roadmap and prioritize features.
You can learn more, including how to opt-out if you'd not like to participate in this anonymous program, by visiting the following URL:
https://nextjs.org/telemetry

⚠ The "middleware" file convention is deprecated. Please use "proxy" instead. Learn more: https://nextjs.org/docs/messages/middleware-to-proxy
✓ Ready in 1587ms
○ Compiling /app/videos-creations ...
 GET /app/videos-creations 200 in 9.4s (compile: 7.5s, proxy.ts: 100ms, render: 1754ms)
○ Compiling /api/auth/[...all] ...
[2m2026-02-21T08:05:01.273Z[0m [33mWARN[0m [1m[Better Auth]:[0m [better-auth] Base URL could not be determined. Please set a valid base URL using the baseURL config option or the BETTER_AUTH_BASE_URL environment variable. Without this, callbacks and redirects may not work correctly.
[2m2026-02-21T08:05:01.278Z[0m [33mWARN[0m [1m[Better Auth]:[0m Social provider github is missing clientId or clientSecret
[2m2026-02-21T08:05:01.279Z[0m [33mWARN[0m [1m[Better Auth]:[0m Social provider google is missing clientId or clientSecret
Error fetching videos: Error: Failed query: select "videos"."id", "videos"."user_id", "videos"."salon_id", "videos"."title", "videos"."description", "videos"."video_url", "videos"."thumbnail_url", "videos"."category", "videos"."status", "videos"."views", "videos"."likes", "videos"."is_live", "videos"."created_at", "videos_user"."data" as "user", "videos_salon"."data" as "salon", "videos_products"."data" as "products" from "videos" "videos" left join lateral (select json_build_array("videos_user"."id", "videos_user"."name", "videos_user"."email", "videos_user"."email_verified", "videos_user"."image", "videos_user"."role", "videos_user"."is_suspended", "videos_user"."loyalty_points", "videos_user"."onboarding_completed", "videos_user"."date_of_birth", "videos_user"."gender", "videos_user"."location", "videos_user"."interests", "videos_user"."style", "videos_user"."budget", "videos_user"."height", "videos_user"."weight", "videos_user"."body_type", "videos_user"."created_at", "videos_user"."updated_at") as "data" from (select * from "users" "videos_user" where "videos_user"."id" = "videos"."user_id" limit $1) "videos_user") "videos_user" on true left join lateral (select json_build_array("videos_salon"."id", "videos_salon"."owner_id", "videos_salon"."name", "videos_salon"."slug", "videos_salon"."description", "videos_salon"."address", "videos_salon"."city", "videos_salon"."zip_code", "videos_salon"."latitude", "videos_salon"."longitude", "videos_salon"."phone", "videos_salon"."email", "videos_salon"."website", "videos_salon"."image", "videos_salon"."status", "videos_salon"."is_verified", "videos_salon"."type", "videos_salon"."average_rating", "videos_salon"."total_reviews", "videos_salon"."created_at", "videos_salon"."updated_at") as "data" from (select * from "salons" "videos_salon" where "videos_salon"."id" = "videos"."salon_id" limit $2) "videos_salon") "videos_salon" on true left join lateral (select coalesce(json_agg(json_build_array("videos_products"."id", "videos_products"."video_id", "videos_products"."product_id", "videos_products"."created_at", "videos_products_product"."data")), '[]'::json) as "data" from "video_products" "videos_products" left join lateral (select json_build_array("videos_products_product"."id", "videos_products_product"."salon_id", "videos_products_product"."name", "videos_products_product"."description", "videos_products_product"."price", "videos_products_product"."stock", "videos_products_product"."has_variants", "videos_products_product"."images", "videos_products_product"."is_active", "videos_products_product"."category", "videos_products_product"."brand", "videos_products_product"."rating", "videos_products_product"."review_count", "videos_products_product"."created_at", "videos_products_product"."updated_at") as "data" from (select * from "products" "videos_products_product" where "videos_products_product"."id" = "videos_products"."product_id" limit $3) "videos_products_product") "videos_products_product" on true where "videos_products"."video_id" = "videos"."id") "videos_products" on true order by "videos"."created_at" desc limit $4
params: 1,1,1,20
    at async GET (src/app/api/videos/route.ts:105:28)
  103 |
  104 |         // Single Query with Pagination
> 105 |         const videosList = await db.query.videos.findMany({
      |                            ^
  106 |             where: conditions.length > 0 ? and(...conditions) : undefined,
  107 |             with: {
  108 |                 user: true, {
  query: `select "videos"."id", "videos"."user_id", "videos"."salon_id", "videos"."title", "videos"."description", "videos"."video_url", "videos"."thumbnail_url", "videos"."category", "videos"."status", "videos"."views", "videos"."likes", "videos"."is_live", "videos"."created_at", "videos_user"."data" as "user", "videos_salon"."data" as "salon", "videos_products"."data" as "products" from "videos" "videos" left join lateral (select json_build_array("videos_user"."id", "videos_user"."name", "videos_user"."email", "videos_user"."email_verified", "videos_user"."image", "videos_user"."role", "videos_user"."is_suspended", "videos_user"."loyalty_points", "videos_user"."onboarding_completed", "videos_user"."date_of_birth", "videos_user"."gender", "videos_user"."location", "videos_user"."interests", "videos_user"."style", "videos_user"."budget", "videos_user"."height", "videos_user"."weight", "videos_user"."body_type", "videos_user"."created_at", "videos_user"."updated_at") as "data" from (select * from "users" "videos_user" where "videos_user"."id" = "videos"."user_id" limit $1) "videos_user") "videos_user" on true left join lateral (select json_build_array("videos_salon"."id", "videos_salon"."owner_id", "videos_salon"."name", "videos_salon"."slug", "videos_salon"."description", "videos_salon"."address", "videos_salon"."city", "videos_salon"."zip_code", "videos_salon"."latitude", "videos_salon"."longitude", "videos_salon"."phone", "videos_salon"."email", "videos_salon"."website", "videos_salon"."image", "videos_salon"."status", "videos_salon"."is_verified", "videos_salon"."type", "videos_salon"."average_rating", "videos_salon"."total_reviews", "videos_salon"."created_at", "videos_salon"."updated_at") as "data" from (select * from "salons" "videos_salon" where "videos_salon"."id" = "videos"."salon_id" limit $2) "videos_salon") "videos_salon" on true left join lateral (select coalesce(json_agg(json_build_array("videos_products"."id", "videos_products"."video_id", "videos_products"."product_id", "videos_products"."created_at", "videos_products_product"."data")), '[]'::json) as "data" from "video_products" "videos_products" left join lateral (select json_build_array("videos_products_product"."id", "videos_products_product"."salon_id", "videos_products_product"."name", "videos_products_product"."description", "videos_products_product"."price", "videos_products_product"."stock", "videos_products_product"."has_variants", "videos_products_product"."images", "videos_products_product"."is_active", "videos_products_product"."category", "videos_products_product"."brand", "videos_products_product"."rating", "videos_products_product"."review_count", "videos_products_product"."created_at", "videos_products_product"."updated_at") as "data" from (select * from "products" "videos_products_product" where "videos_products_product"."id" = "videos_products"."product_id" limit $3) "videos_products_product") "videos_products_product" on true where "videos_products"."video_id" = "videos"."id") "videos_products" on true order by "videos"."created_at" desc limit $4`,
  params: [Array],
  [cause]: AggregateError:
      at async GET (src/app/api/videos/route.ts:105:28)
    103 |
    104 |         // Single Query with Pagination
  > 105 |         const videosList = await db.query.videos.findMany({
        |                            ^
    106 |             where: conditions.length > 0 ? and(...conditions) : undefined,
    107 |             with: {
    108 |                 user: true, {
    code: 'ECONNREFUSED'
  }
}
[2m2026-02-21T08:05:03.134Z[0m [33mWARN[0m [1m[Better Auth]:[0m [better-auth] Base URL could not be determined. Please set a valid base URL using the baseURL config option or the BETTER_AUTH_BASE_URL environment variable. Without this, callbacks and redirects may not work correctly.
[2m2026-02-21T08:05:03.149Z[0m [33mWARN[0m [1m[Better Auth]:[0m Social provider github is missing clientId or clientSecret
[2m2026-02-21T08:05:03.149Z[0m [33mWARN[0m [1m[Better Auth]:[0m Social provider google is missing clientId or clientSecret
