
> app@0.1.0 dev /app
> next dev --turbopack

▲ Next.js 16.1.6 (Turbopack)
- Local:         http://localhost:3000
- Network:       http://192.168.0.2:3000

✓ Starting...
⚠ The "middleware" file convention is deprecated. Please use "proxy" instead. Learn more: https://nextjs.org/docs/messages/middleware-to-proxy
✓ Ready in 1521ms
○ Compiling /auth/test-product-manager ...
 GET /auth/test-product-manager 200 in 6.2s (compile: 5.1s, proxy.ts: 97ms, render: 982ms)
○ Compiling /api/salons/[salonId]/products ...
[2m2026-02-20T20:48:54.534Z[0m [33mWARN[0m [1m[Better Auth]:[0m [better-auth] Base URL could not be determined. Please set a valid base URL using the baseURL config option or the BETTER_AUTH_BASE_URL environment variable. Without this, callbacks and redirects may not work correctly.
[2m2026-02-20T20:48:54.538Z[0m [33mWARN[0m [1m[Better Auth]:[0m Social provider github is missing clientId or clientSecret
[2m2026-02-20T20:48:54.539Z[0m [33mWARN[0m [1m[Better Auth]:[0m Social provider google is missing clientId or clientSecret
[2m2026-02-20T20:48:56.065Z[0m [33mWARN[0m [1m[Better Auth]:[0m [better-auth] Base URL could not be determined. Please set a valid base URL using the baseURL config option or the BETTER_AUTH_BASE_URL environment variable. Without this, callbacks and redirects may not work correctly.
[2m2026-02-20T20:48:56.068Z[0m [33mWARN[0m [1m[Better Auth]:[0m Social provider github is missing clientId or clientSecret
[2m2026-02-20T20:48:56.069Z[0m [33mWARN[0m [1m[Better Auth]:[0m Social provider google is missing clientId or clientSecret
Fetching products for salon: test-salon-id
Error fetching products: Error: Failed query: select "products"."id", "products"."salon_id", "products"."name", "products"."description", "products"."price", "products"."stock", "products"."has_variants", "products"."images", "products"."is_active", "products"."category", "products"."brand", "products"."rating", "products"."review_count", "products"."created_at", "products"."updated_at", "products_variants"."data" as "variants" from "products" "products" left join lateral (select coalesce(json_agg(json_build_array("products_variants"."id", "products_variants"."product_id", "products_variants"."name", "products_variants"."price", "products_variants"."stock", "products_variants"."options", "products_variants"."sku", "products_variants"."created_at", "products_variants"."updated_at")), '[]'::json) as "data" from "product_variants" "products_variants" where "products_variants"."product_id" = "products"."id") "products_variants" on true where ("products"."salon_id" = $1 and "products"."is_active" = $2) order by "products"."created_at" desc
params: test-salon-id,true
    at async GET (src/app/api/salons/[salonId]/products/route.ts:41:27)
  39 |
  40 |     console.log(`Fetching products for salon: ${salonId}`);
> 41 |     const salonProducts = await db.query.products.findMany({
     |                           ^
  42 |       where: and(
  43 |         eq(products.salonId, salonId),
  44 |         eq(products.isActive, true) {
  query: `select "products"."id", "products"."salon_id", "products"."name", "products"."description", "products"."price", "products"."stock", "products"."has_variants", "products"."images", "products"."is_active", "products"."category", "products"."brand", "products"."rating", "products"."review_count", "products"."created_at", "products"."updated_at", "products_variants"."data" as "variants" from "products" "products" left join lateral (select coalesce(json_agg(json_build_array("products_variants"."id", "products_variants"."product_id", "products_variants"."name", "products_variants"."price", "products_variants"."stock", "products_variants"."options", "products_variants"."sku", "products_variants"."created_at", "products_variants"."updated_at")), '[]'::json) as "data" from "product_variants" "products_variants" where "products_variants"."product_id" = "products"."id") "products_variants" on true where ("products"."salon_id" = $1 and "products"."is_active" = $2) order by "products"."created_at" desc`,
  params: [Array],
  [cause]: AggregateError:
      at async GET (src/app/api/salons/[salonId]/products/route.ts:41:27)
    39 |
    40 |     console.log(`Fetching products for salon: ${salonId}`);
  > 41 |     const salonProducts = await db.query.products.findMany({
       |                           ^
    42 |       where: and(
    43 |         eq(products.salonId, salonId),
    44 |         eq(products.isActive, true) {
    code: 'ECONNREFUSED'
  }
}
 GET /api/salons/test-salon-id/products 500 in 7.4s (compile: 6.9s, proxy.ts: 42ms, render: 456ms)
