
> app@0.1.0 dev
> next dev --turbopack

   ▲ Next.js 15.1.0 (Turbopack)
   - Local:        http://localhost:3000
   - Network:      http://192.168.0.2:3000
   - Environments: .env

 ✓ Starting...
 ⚠ Invalid next.config.ts options detected:
 ⚠     Unrecognized key(s) in object: 'turbopack'
 ⚠ See more info here: https://nextjs.org/docs/messages/invalid-next-config
 ✓ Compiled in 461ms
 ✓ Ready in 1808ms
{"timestamp":"2026-02-28T11:37:17.690Z","method":"GET","path":"/app","userAgent":"Mozilla/5.0 (X11; Linux x86_64) AppleWebKit/537.36 (KHTML, like Gecko) HeadlessChrome/143.0.7499.4 Safari/537.36"}
{"timestamp":"2026-02-28T11:37:17.732Z","method":"GET","path":"/auth/sign-in","userAgent":"Mozilla/5.0 (X11; Linux x86_64) AppleWebKit/537.36 (KHTML, like Gecko) HeadlessChrome/143.0.7499.4 Safari/537.36"}
 ○ Compiling /auth/sign-in ...
 ✓ Compiled /auth/sign-in in 7.5s
 GET /auth/sign-in 200 in 8680ms
{"timestamp":"2026-02-28T11:38:13.148Z","method":"GET","path":"/app","userAgent":"Mozilla/5.0 (X11; Linux x86_64) AppleWebKit/537.36 (KHTML, like Gecko) HeadlessChrome/143.0.7499.4 Safari/537.36"}
{"timestamp":"2026-02-28T11:38:13.165Z","method":"GET","path":"/auth/sign-in","userAgent":"Mozilla/5.0 (X11; Linux x86_64) AppleWebKit/537.36 (KHTML, like Gecko) HeadlessChrome/143.0.7499.4 Safari/537.36"}
 GET /auth/sign-in 200 in 183ms
{"timestamp":"2026-02-28T11:38:14.811Z","method":"POST","path":"/api/auth/sign-in/email","userAgent":"Mozilla/5.0 (X11; Linux x86_64) AppleWebKit/537.36 (KHTML, like Gecko) HeadlessChrome/143.0.7499.4 Safari/537.36"}
 ○ Compiling /api/auth/[...all] ...
 ✓ Compiled /api/auth/[...all] in 6.9s
[2m2026-02-28T11:38:23.126Z[0m [33mWARN[0m [1m[Better Auth]:[0m [better-auth] Base URL could not be determined. Please set a valid base URL using the baseURL config option or the BETTER_AUTH_BASE_URL environment variable. Without this, callbacks and redirects may not work correctly.
[2m2026-02-28T11:38:23.129Z[0m [33mWARN[0m [1m[Better Auth]:[0m Social provider github is missing clientId or clientSecret
[2m2026-02-28T11:38:23.129Z[0m [33mWARN[0m [1m[Better Auth]:[0m Social provider google is missing clientId or clientSecret
[2m2026-02-28T11:38:24.997Z[0m [33mWARN[0m [1m[Better Auth]:[0m [better-auth] Base URL could not be determined. Please set a valid base URL using the baseURL config option or the BETTER_AUTH_BASE_URL environment variable. Without this, callbacks and redirects may not work correctly.
[2m2026-02-28T11:38:25.001Z[0m [33mWARN[0m [1m[Better Auth]:[0m Social provider github is missing clientId or clientSecret
[2m2026-02-28T11:38:25.001Z[0m [33mWARN[0m [1m[Better Auth]:[0m Social provider google is missing clientId or clientSecret
(node:4305) Warning: SECURITY WARNING: The SSL modes 'prefer', 'require', and 'verify-ca' are treated as aliases for 'verify-full'.
In the next major version (pg-connection-string v3.0.0 and pg v9.0.0), these modes will adopt standard libpq semantics, which have weaker security guarantees.

To prepare for this change:
- If you want the current behavior, explicitly use 'sslmode=verify-full'
- If you want libpq compatibility now, use 'uselibpqcompat=true&sslmode=require'

See https://www.postgresql.org/docs/current/libpq-ssl.html for libpq SSL mode definitions.
(Use `node --trace-warnings ...` to show where the warning was created)
[2m2026-02-28T11:38:26.212Z[0m [31mERROR[0m [1m[Better Auth]:[0m Credential account not found { email: 'test@example.com' }
 POST /api/auth/sign-in/email 401 in 11396ms
{"timestamp":"2026-02-28T11:39:40.060Z","method":"GET","path":"/app","userAgent":"Mozilla/5.0 (X11; Linux x86_64) AppleWebKit/537.36 (KHTML, like Gecko) HeadlessChrome/143.0.7499.4 Safari/537.36"}
{"timestamp":"2026-02-28T11:39:40.070Z","method":"GET","path":"/auth/sign-in","userAgent":"Mozilla/5.0 (X11; Linux x86_64) AppleWebKit/537.36 (KHTML, like Gecko) HeadlessChrome/143.0.7499.4 Safari/537.36"}
 GET /auth/sign-in 200 in 132ms
{"timestamp":"2026-02-28T11:39:40.483Z","method":"GET","path":"/auth/sign-up","userAgent":"Mozilla/5.0 (X11; Linux x86_64) AppleWebKit/537.36 (KHTML, like Gecko) HeadlessChrome/143.0.7499.4 Safari/537.36"}
 ○ Compiling /auth/sign-up ...
 ✓ Compiled /auth/sign-up in 1324ms
 GET /auth/sign-up 200 in 1552ms
{"timestamp":"2026-02-28T11:40:22.916Z","method":"GET","path":"/app","userAgent":"Mozilla/5.0 (X11; Linux x86_64) AppleWebKit/537.36 (KHTML, like Gecko) HeadlessChrome/143.0.7499.4 Safari/537.36"}
{"timestamp":"2026-02-28T11:40:22.924Z","method":"GET","path":"/auth/sign-in","userAgent":"Mozilla/5.0 (X11; Linux x86_64) AppleWebKit/537.36 (KHTML, like Gecko) HeadlessChrome/143.0.7499.4 Safari/537.36"}
 GET /auth/sign-in 200 in 123ms
{"timestamp":"2026-02-28T11:40:23.335Z","method":"GET","path":"/auth/sign-up","userAgent":"Mozilla/5.0 (X11; Linux x86_64) AppleWebKit/537.36 (KHTML, like Gecko) HeadlessChrome/143.0.7499.4 Safari/537.36"}
 GET /auth/sign-up 200 in 130ms
{"timestamp":"2026-02-28T11:41:06.609Z","method":"GET","path":"/app","userAgent":"Mozilla/5.0 (X11; Linux x86_64) AppleWebKit/537.36 (KHTML, like Gecko) HeadlessChrome/143.0.7499.4 Safari/537.36"}
{"timestamp":"2026-02-28T11:41:06.616Z","method":"GET","path":"/auth/sign-in","userAgent":"Mozilla/5.0 (X11; Linux x86_64) AppleWebKit/537.36 (KHTML, like Gecko) HeadlessChrome/143.0.7499.4 Safari/537.36"}
 GET /auth/sign-in 200 in 93ms
{"timestamp":"2026-02-28T11:41:23.553Z","method":"GET","path":"/auth/sign-up","userAgent":"Mozilla/5.0 (X11; Linux x86_64) AppleWebKit/537.36 (KHTML, like Gecko) HeadlessChrome/143.0.7499.4 Safari/537.36"}
 GET /auth/sign-up 200 in 102ms
{"timestamp":"2026-02-28T11:43:05.223Z","method":"GET","path":"/auth/sign-up","userAgent":"Mozilla/5.0 (X11; Linux x86_64) AppleWebKit/537.36 (KHTML, like Gecko) HeadlessChrome/143.0.7499.4 Safari/537.36"}
 GET /auth/sign-up 200 in 104ms
{"timestamp":"2026-02-28T11:43:46.359Z","method":"GET","path":"/auth/sign-up","userAgent":"Mozilla/5.0 (X11; Linux x86_64) AppleWebKit/537.36 (KHTML, like Gecko) HeadlessChrome/143.0.7499.4 Safari/537.36"}
 GET /auth/sign-up 200 in 111ms
{"timestamp":"2026-02-28T11:43:58.334Z","method":"GET","path":"/auth/sign-up","userAgent":"Mozilla/5.0 (X11; Linux x86_64) AppleWebKit/537.36 (KHTML, like Gecko) HeadlessChrome/143.0.7499.4 Safari/537.36"}
 GET /auth/sign-up 200 in 101ms
{"timestamp":"2026-02-28T11:44:48.711Z","method":"GET","path":"/auth/sign-up","userAgent":"Mozilla/5.0 (X11; Linux x86_64) AppleWebKit/537.36 (KHTML, like Gecko) HeadlessChrome/143.0.7499.4 Safari/537.36"}
 GET /auth/sign-up 200 in 93ms
{"timestamp":"2026-02-28T11:45:10.679Z","method":"GET","path":"/auth/sign-up","userAgent":"Mozilla/5.0 (X11; Linux x86_64) AppleWebKit/537.36 (KHTML, like Gecko) HeadlessChrome/143.0.7499.4 Safari/537.36"}
 GET /auth/sign-up 200 in 87ms
{"timestamp":"2026-02-28T11:45:23.565Z","method":"GET","path":"/app","userAgent":"Mozilla/5.0 (X11; Linux x86_64) AppleWebKit/537.36 (KHTML, like Gecko) HeadlessChrome/143.0.7499.4 Safari/537.36"}
{"timestamp":"2026-02-28T11:45:23.572Z","method":"GET","path":"/auth/sign-in","userAgent":"Mozilla/5.0 (X11; Linux x86_64) AppleWebKit/537.36 (KHTML, like Gecko) HeadlessChrome/143.0.7499.4 Safari/537.36"}
 GET /auth/sign-in 200 in 91ms
{"timestamp":"2026-02-28T11:46:38.214Z","method":"GET","path":"/app","userAgent":"Mozilla/5.0 (X11; Linux x86_64) AppleWebKit/537.36 (KHTML, like Gecko) HeadlessChrome/143.0.7499.4 Safari/537.36"}
{"timestamp":"2026-02-28T11:46:38.222Z","method":"GET","path":"/auth/sign-in","userAgent":"Mozilla/5.0 (X11; Linux x86_64) AppleWebKit/537.36 (KHTML, like Gecko) HeadlessChrome/143.0.7499.4 Safari/537.36"}
 GET /auth/sign-in 200 in 101ms
{"timestamp":"2026-02-28T11:46:39.262Z","method":"GET","path":"/auth/sign-up","userAgent":"Mozilla/5.0 (X11; Linux x86_64) AppleWebKit/537.36 (KHTML, like Gecko) HeadlessChrome/143.0.7499.4 Safari/537.36"}
 GET /auth/sign-up 200 in 104ms
{"timestamp":"2026-02-28T11:48:09.464Z","method":"GET","path":"/auth/sign-up","userAgent":"Mozilla/5.0 (X11; Linux x86_64) AppleWebKit/537.36 (KHTML, like Gecko) HeadlessChrome/143.0.7499.4 Safari/537.36"}
 GET /auth/sign-up 200 in 88ms
{"timestamp":"2026-02-28T11:48:11.166Z","method":"GET","path":"/terms","userAgent":"Mozilla/5.0 (X11; Linux x86_64) AppleWebKit/537.36 (KHTML, like Gecko) HeadlessChrome/143.0.7499.4 Safari/537.36"}
{"timestamp":"2026-02-28T11:48:11.174Z","method":"GET","path":"/auth/sign-in","userAgent":"Mozilla/5.0 (X11; Linux x86_64) AppleWebKit/537.36 (KHTML, like Gecko) HeadlessChrome/143.0.7499.4 Safari/537.36"}
 GET /auth/sign-in 200 in 63ms
{"timestamp":"2026-02-28T11:48:59.633Z","method":"GET","path":"/auth/sign-up","userAgent":"Mozilla/5.0 (X11; Linux x86_64) AppleWebKit/537.36 (KHTML, like Gecko) HeadlessChrome/143.0.7499.4 Safari/537.36"}
 GET /auth/sign-up 200 in 99ms
{"timestamp":"2026-02-28T11:49:01.449Z","method":"GET","path":"/terms","userAgent":"Mozilla/5.0 (X11; Linux x86_64) AppleWebKit/537.36 (KHTML, like Gecko) HeadlessChrome/143.0.7499.4 Safari/537.36"}
{"timestamp":"2026-02-28T11:49:01.456Z","method":"GET","path":"/auth/sign-in","userAgent":"Mozilla/5.0 (X11; Linux x86_64) AppleWebKit/537.36 (KHTML, like Gecko) HeadlessChrome/143.0.7499.4 Safari/537.36"}
 GET /auth/sign-in 200 in 60ms
{"timestamp":"2026-02-28T11:49:43.183Z","method":"GET","path":"/auth/sign-up","userAgent":"Mozilla/5.0 (X11; Linux x86_64) AppleWebKit/537.36 (KHTML, like Gecko) HeadlessChrome/143.0.7499.4 Safari/537.36"}
 GET /auth/sign-up 200 in 98ms
{"timestamp":"2026-02-28T11:49:44.965Z","method":"GET","path":"/terms","userAgent":"Mozilla/5.0 (X11; Linux x86_64) AppleWebKit/537.36 (KHTML, like Gecko) HeadlessChrome/143.0.7499.4 Safari/537.36"}
{"timestamp":"2026-02-28T11:49:44.972Z","method":"GET","path":"/auth/sign-in","userAgent":"Mozilla/5.0 (X11; Linux x86_64) AppleWebKit/537.36 (KHTML, like Gecko) HeadlessChrome/143.0.7499.4 Safari/537.36"}
 GET /auth/sign-in 200 in 63ms
{"timestamp":"2026-02-28T11:49:46.051Z","method":"POST","path":"/api/auth/sign-in/email","userAgent":"Mozilla/5.0 (X11; Linux x86_64) AppleWebKit/537.36 (KHTML, like Gecko) HeadlessChrome/143.0.7499.4 Safari/537.36"}
[2m2026-02-28T11:49:47.384Z[0m [31mERROR[0m [1m[Better Auth]:[0m User not found { email: 'joe.tester1772279383@example.com' }
 POST /api/auth/sign-in/email 401 in 1332ms
[2m2026-02-28T11:49:47.713Z[0m [33mWARN[0m [1m[Better Auth]:[0m [better-auth] Base URL could not be determined. Please set a valid base URL using the baseURL config option or the BETTER_AUTH_BASE_URL environment variable. Without this, callbacks and redirects may not work correctly.
[2m2026-02-28T11:49:47.717Z[0m [33mWARN[0m [1m[Better Auth]:[0m Social provider github is missing clientId or clientSecret
[2m2026-02-28T11:49:47.717Z[0m [33mWARN[0m [1m[Better Auth]:[0m Social provider google is missing clientId or clientSecret
{"timestamp":"2026-02-28T11:50:13.017Z","method":"GET","path":"/auth/sign-up","userAgent":"Mozilla/5.0 (X11; Linux x86_64) AppleWebKit/537.36 (KHTML, like Gecko) HeadlessChrome/143.0.7499.4 Safari/537.36"}
 GET /auth/sign-up 200 in 100ms
{"timestamp":"2026-02-28T11:50:14.810Z","method":"GET","path":"/terms","userAgent":"Mozilla/5.0 (X11; Linux x86_64) AppleWebKit/537.36 (KHTML, like Gecko) HeadlessChrome/143.0.7499.4 Safari/537.36"}
{"timestamp":"2026-02-28T11:50:14.818Z","method":"GET","path":"/auth/sign-in","userAgent":"Mozilla/5.0 (X11; Linux x86_64) AppleWebKit/537.36 (KHTML, like Gecko) HeadlessChrome/143.0.7499.4 Safari/537.36"}
 GET /auth/sign-in 200 in 60ms
{"timestamp":"2026-02-28T11:50:15.897Z","method":"POST","path":"/api/auth/sign-in/email","userAgent":"Mozilla/5.0 (X11; Linux x86_64) AppleWebKit/537.36 (KHTML, like Gecko) HeadlessChrome/143.0.7499.4 Safari/537.36"}
[2m2026-02-28T11:50:16.497Z[0m [31mERROR[0m [1m[Better Auth]:[0m User not found { email: 'joe.tester1772279413@example.com' }
 POST /api/auth/sign-in/email 401 in 597ms
[2m2026-02-28T11:50:16.977Z[0m [33mWARN[0m [1m[Better Auth]:[0m [better-auth] Base URL could not be determined. Please set a valid base URL using the baseURL config option or the BETTER_AUTH_BASE_URL environment variable. Without this, callbacks and redirects may not work correctly.
[2m2026-02-28T11:50:16.980Z[0m [33mWARN[0m [1m[Better Auth]:[0m Social provider github is missing clientId or clientSecret
[2m2026-02-28T11:50:16.981Z[0m [33mWARN[0m [1m[Better Auth]:[0m Social provider google is missing clientId or clientSecret
{"timestamp":"2026-02-28T11:51:03.532Z","method":"GET","path":"/auth/sign-up","userAgent":"Mozilla/5.0 (X11; Linux x86_64) AppleWebKit/537.36 (KHTML, like Gecko) HeadlessChrome/143.0.7499.4 Safari/537.36"}
 GET /auth/sign-up 200 in 107ms
{"timestamp":"2026-02-28T11:51:05.292Z","method":"GET","path":"/terms","userAgent":"Mozilla/5.0 (X11; Linux x86_64) AppleWebKit/537.36 (KHTML, like Gecko) HeadlessChrome/143.0.7499.4 Safari/537.36"}
{"timestamp":"2026-02-28T11:51:05.301Z","method":"GET","path":"/auth/sign-in","userAgent":"Mozilla/5.0 (X11; Linux x86_64) AppleWebKit/537.36 (KHTML, like Gecko) HeadlessChrome/143.0.7499.4 Safari/537.36"}
 GET /auth/sign-in 200 in 65ms
{"timestamp":"2026-02-28T11:51:06.495Z","method":"POST","path":"/api/auth/sign-in/email","userAgent":"Mozilla/5.0 (X11; Linux x86_64) AppleWebKit/537.36 (KHTML, like Gecko) HeadlessChrome/143.0.7499.4 Safari/537.36"}
[2m2026-02-28T11:51:07.086Z[0m [31mERROR[0m [1m[Better Auth]:[0m User not found { email: 'joe.tester1772279463@example.com' }
 POST /api/auth/sign-in/email 401 in 589ms
[2m2026-02-28T11:51:07.544Z[0m [33mWARN[0m [1m[Better Auth]:[0m [better-auth] Base URL could not be determined. Please set a valid base URL using the baseURL config option or the BETTER_AUTH_BASE_URL environment variable. Without this, callbacks and redirects may not work correctly.
[2m2026-02-28T11:51:07.547Z[0m [33mWARN[0m [1m[Better Auth]:[0m Social provider github is missing clientId or clientSecret
[2m2026-02-28T11:51:07.547Z[0m [33mWARN[0m [1m[Better Auth]:[0m Social provider google is missing clientId or clientSecret
{"timestamp":"2026-02-28T11:53:11.850Z","method":"GET","path":"/auth/sign-up","userAgent":"Mozilla/5.0 (X11; Linux x86_64) AppleWebKit/537.36 (KHTML, like Gecko) HeadlessChrome/143.0.7499.4 Safari/537.36"}
 GET /auth/sign-up 200 in 97ms
{"timestamp":"2026-02-28T11:53:24.245Z","method":"GET","path":"/auth/sign-in","userAgent":"Mozilla/5.0 (X11; Linux x86_64) AppleWebKit/537.36 (KHTML, like Gecko) HeadlessChrome/143.0.7499.4 Safari/537.36"}
 GET /auth/sign-in 200 in 92ms
{"timestamp":"2026-02-28T11:53:25.189Z","method":"POST","path":"/api/auth/sign-in/email","userAgent":"Mozilla/5.0 (X11; Linux x86_64) AppleWebKit/537.36 (KHTML, like Gecko) HeadlessChrome/143.0.7499.4 Safari/537.36"}
[2m2026-02-28T11:53:25.778Z[0m [31mERROR[0m [1m[Better Auth]:[0m User not found { email: 'joe.tester.eb3f8b44@example.com' }
 POST /api/auth/sign-in/email 401 in 587ms
[2m2026-02-28T11:53:26.223Z[0m [33mWARN[0m [1m[Better Auth]:[0m [better-auth] Base URL could not be determined. Please set a valid base URL using the baseURL config option or the BETTER_AUTH_BASE_URL environment variable. Without this, callbacks and redirects may not work correctly.
[2m2026-02-28T11:53:26.225Z[0m [33mWARN[0m [1m[Better Auth]:[0m Social provider github is missing clientId or clientSecret
[2m2026-02-28T11:53:26.226Z[0m [33mWARN[0m [1m[Better Auth]:[0m Social provider google is missing clientId or clientSecret
{"timestamp":"2026-02-28T11:54:58.139Z","method":"GET","path":"/app","userAgent":"Mozilla/5.0 (X11; Linux x86_64) AppleWebKit/537.36 (KHTML, like Gecko) HeadlessChrome/143.0.7499.4 Safari/537.36"}
{"timestamp":"2026-02-28T11:54:58.147Z","method":"GET","path":"/auth/sign-in","userAgent":"Mozilla/5.0 (X11; Linux x86_64) AppleWebKit/537.36 (KHTML, like Gecko) HeadlessChrome/143.0.7499.4 Safari/537.36"}
 GET /auth/sign-in 200 in 91ms
{"timestamp":"2026-02-28T11:55:27.703Z","method":"GET","path":"/auth/sign-up","userAgent":"Mozilla/5.0 (X11; Linux x86_64) AppleWebKit/537.36 (KHTML, like Gecko) HeadlessChrome/143.0.7499.4 Safari/537.36"}
 GET /auth/sign-up 200 in 131ms
{"timestamp":"2026-02-28T11:55:40.203Z","method":"GET","path":"/auth/sign-in","userAgent":"Mozilla/5.0 (X11; Linux x86_64) AppleWebKit/537.36 (KHTML, like Gecko) HeadlessChrome/143.0.7499.4 Safari/537.36"}
 GET /auth/sign-in 200 in 91ms
{"timestamp":"2026-02-28T11:55:41.151Z","method":"POST","path":"/api/auth/sign-in/email","userAgent":"Mozilla/5.0 (X11; Linux x86_64) AppleWebKit/537.36 (KHTML, like Gecko) HeadlessChrome/143.0.7499.4 Safari/537.36"}
[2m2026-02-28T11:55:41.766Z[0m [31mERROR[0m [1m[Better Auth]:[0m User not found { email: 'joe.tester.d0f642a5@example.com' }
 POST /api/auth/sign-in/email 401 in 615ms
[2m2026-02-28T11:55:42.523Z[0m [33mWARN[0m [1m[Better Auth]:[0m [better-auth] Base URL could not be determined. Please set a valid base URL using the baseURL config option or the BETTER_AUTH_BASE_URL environment variable. Without this, callbacks and redirects may not work correctly.
[2m2026-02-28T11:55:42.527Z[0m [33mWARN[0m [1m[Better Auth]:[0m Social provider github is missing clientId or clientSecret
[2m2026-02-28T11:55:42.528Z[0m [33mWARN[0m [1m[Better Auth]:[0m Social provider google is missing clientId or clientSecret
{"timestamp":"2026-02-28T11:57:38.014Z","method":"GET","path":"/auth/sign-up","userAgent":"Mozilla/5.0 (X11; Linux x86_64) AppleWebKit/537.36 (KHTML, like Gecko) HeadlessChrome/143.0.7499.4 Safari/537.36"}
 GET /auth/sign-up 200 in 136ms
{"timestamp":"2026-02-28T11:57:52.700Z","method":"GET","path":"/auth/sign-in","userAgent":"Mozilla/5.0 (X11; Linux x86_64) AppleWebKit/537.36 (KHTML, like Gecko) HeadlessChrome/143.0.7499.4 Safari/537.36"}
 GET /auth/sign-in 200 in 127ms
{"timestamp":"2026-02-28T11:57:53.976Z","method":"POST","path":"/api/auth/sign-in/email","userAgent":"Mozilla/5.0 (X11; Linux x86_64) AppleWebKit/537.36 (KHTML, like Gecko) HeadlessChrome/143.0.7499.4 Safari/537.36"}
[2m2026-02-28T11:57:54.838Z[0m [31mERROR[0m [1m[Better Auth]:[0m User not found { email: 'joe.tester.3848bd2d@example.com' }
 POST /api/auth/sign-in/email 401 in 858ms
[2m2026-02-28T11:57:55.587Z[0m [33mWARN[0m [1m[Better Auth]:[0m [better-auth] Base URL could not be determined. Please set a valid base URL using the baseURL config option or the BETTER_AUTH_BASE_URL environment variable. Without this, callbacks and redirects may not work correctly.
[2m2026-02-28T11:57:55.590Z[0m [33mWARN[0m [1m[Better Auth]:[0m Social provider github is missing clientId or clientSecret
[2m2026-02-28T11:57:55.590Z[0m [33mWARN[0m [1m[Better Auth]:[0m Social provider google is missing clientId or clientSecret
{"timestamp":"2026-02-28T11:59:28.273Z","method":"GET","path":"/auth/sign-up","userAgent":"Mozilla/5.0 (X11; Linux x86_64) AppleWebKit/537.36 (KHTML, like Gecko) HeadlessChrome/143.0.7499.4 Safari/537.36"}
 GET /auth/sign-up 200 in 236ms
{"timestamp":"2026-02-28T11:59:31.061Z","method":"POST","path":"/api/auth/sign-up/email","userAgent":"Mozilla/5.0 (X11; Linux x86_64) AppleWebKit/537.36 (KHTML, like Gecko) HeadlessChrome/143.0.7499.4 Safari/537.36"}
 POST /api/auth/sign-up/email 200 in 965ms
[2m2026-02-28T11:59:32.678Z[0m [33mWARN[0m [1m[Better Auth]:[0m [better-auth] Base URL could not be determined. Please set a valid base URL using the baseURL config option or the BETTER_AUTH_BASE_URL environment variable. Without this, callbacks and redirects may not work correctly.
[2m2026-02-28T11:59:32.682Z[0m [33mWARN[0m [1m[Better Auth]:[0m Social provider github is missing clientId or clientSecret
[2m2026-02-28T11:59:32.683Z[0m [33mWARN[0m [1m[Better Auth]:[0m Social provider google is missing clientId or clientSecret
{"timestamp":"2026-02-28T11:59:33.055Z","method":"GET","path":"/app","userAgent":"Mozilla/5.0 (X11; Linux x86_64) AppleWebKit/537.36 (KHTML, like Gecko) HeadlessChrome/143.0.7499.4 Safari/537.36"}
 ○ Compiling /app ...
 ✓ Compiled /app in 4.7s
 GET /app 200 in 4820ms
{"timestamp":"2026-02-28T11:59:38.131Z","method":"GET","path":"/api/auth/get-session","userAgent":"Mozilla/5.0 (X11; Linux x86_64) AppleWebKit/537.36 (KHTML, like Gecko) HeadlessChrome/143.0.7499.4 Safari/537.36"}
{"timestamp":"2026-02-28T11:59:38.338Z","method":"GET","path":"/api/notifications","userAgent":"Mozilla/5.0 (X11; Linux x86_64) AppleWebKit/537.36 (KHTML, like Gecko) HeadlessChrome/143.0.7499.4 Safari/537.36"}
{"timestamp":"2026-02-28T11:59:38.382Z","method":"GET","path":"/api/salons","userAgent":"Mozilla/5.0 (X11; Linux x86_64) AppleWebKit/537.36 (KHTML, like Gecko) HeadlessChrome/143.0.7499.4 Safari/537.36"}
{"timestamp":"2026-02-28T11:59:38.620Z","method":"GET","path":"/api/products","userAgent":"Mozilla/5.0 (X11; Linux x86_64) AppleWebKit/537.36 (KHTML, like Gecko) HeadlessChrome/143.0.7499.4 Safari/537.36"}
 ○ Compiling /api/notifications ...
 GET /api/auth/get-session 200 in 1015ms
{"timestamp":"2026-02-28T11:59:39.185Z","method":"GET","path":"/api/auth/get-session","userAgent":"Mozilla/5.0 (X11; Linux x86_64) AppleWebKit/537.36 (KHTML, like Gecko) HeadlessChrome/143.0.7499.4 Safari/537.36"}
 GET /api/auth/get-session 200 in 314ms
 GET /api/products?limit=4 200 in 2247ms
{"timestamp":"2026-02-28T11:59:40.918Z","method":"GET","path":"/api/products","userAgent":"Mozilla/5.0 (X11; Linux x86_64) AppleWebKit/537.36 (KHTML, like Gecko) HeadlessChrome/143.0.7499.4 Safari/537.36"}
 GET /api/products?limit=4 200 in 186ms
 ✓ Compiled /api/notifications in 2.5s
Fetched 0 notifications for user PBA891NjMEuKNX3YydxOfgaEJ2ncaEQX
 GET /api/notifications 200 in 3276ms
{"timestamp":"2026-02-28T11:59:41.640Z","method":"GET","path":"/api/notifications","userAgent":"Mozilla/5.0 (X11; Linux x86_64) AppleWebKit/537.36 (KHTML, like Gecko) HeadlessChrome/143.0.7499.4 Safari/537.36"}
[2m2026-02-28T11:59:41.664Z[0m [33mWARN[0m [1m[Better Auth]:[0m [better-auth] Base URL could not be determined. Please set a valid base URL using the baseURL config option or the BETTER_AUTH_BASE_URL environment variable. Without this, callbacks and redirects may not work correctly.
[2m2026-02-28T11:59:41.670Z[0m [33mWARN[0m [1m[Better Auth]:[0m Social provider github is missing clientId or clientSecret
[2m2026-02-28T11:59:41.671Z[0m [33mWARN[0m [1m[Better Auth]:[0m Social provider google is missing clientId or clientSecret
 GET /api/salons?limit=4 200 in 3206ms
 GET /api/notifications 200 in 127ms
Fetched 0 notifications for user PBA891NjMEuKNX3YydxOfgaEJ2ncaEQX
