
> app@0.1.0 dev
> next dev --turbopack

▲ Next.js 16.1.6 (Turbopack)
- Local:         http://localhost:3000
- Network:       http://192.168.0.2:3000

✓ Starting...
⚠ The "middleware" file convention is deprecated. Please use "proxy" instead. Learn more: https://nextjs.org/docs/messages/middleware-to-proxy
✓ Ready in 1561ms
{"timestamp":"2026-02-27T10:20:20.583Z","method":"GET","path":"/","userAgent":"Mozilla/5.0 (X11; Linux x86_64) AppleWebKit/537.36 (KHTML, like Gecko) HeadlessChrome/143.0.7499.4 Safari/537.36"}
○ Compiling / ...
`legacyBehavior` is deprecated and will be removed in a future release. A codemod is available to upgrade your components:

npx @next/codemod@latest new-link .

Learn more: https://nextjs.org/docs/app/building-your-application/upgrading/codemods#remove-a-tags-from-link-components
 GET / 200 in 8.2s (compile: 7.5s, proxy.ts: 124ms, render: 581ms)
{"timestamp":"2026-02-27T10:20:32.437Z","method":"GET","path":"/auth/forgot-password","userAgent":"Mozilla/5.0 (X11; Linux x86_64) AppleWebKit/537.36 (KHTML, like Gecko) HeadlessChrome/143.0.7499.4 Safari/537.36"}
 GET /auth/forgot-password 200 in 3.1s (compile: 2.8s, proxy.ts: 18ms, render: 252ms)
{"timestamp":"2026-02-27T10:20:36.347Z","method":"GET","path":"/app/search","userAgent":"Mozilla/5.0 (X11; Linux x86_64) AppleWebKit/537.36 (KHTML, like Gecko) HeadlessChrome/143.0.7499.4 Safari/537.36"}
 GET /app/search 200 in 2.7s (compile: 2.1s, proxy.ts: 7ms, render: 557ms)
{"timestamp":"2026-02-27T10:20:39.486Z","method":"GET","path":"/api/auth/get-session","userAgent":"Mozilla/5.0 (X11; Linux x86_64) AppleWebKit/537.36 (KHTML, like Gecko) HeadlessChrome/143.0.7499.4 Safari/537.36"}
{"timestamp":"2026-02-27T10:20:39.714Z","method":"GET","path":"/api/notifications","userAgent":"Mozilla/5.0 (X11; Linux x86_64) AppleWebKit/537.36 (KHTML, like Gecko) HeadlessChrome/143.0.7499.4 Safari/537.36"}
{"timestamp":"2026-02-27T10:20:40.486Z","method":"GET","path":"/api/salons","userAgent":"Mozilla/5.0 (X11; Linux x86_64) AppleWebKit/537.36 (KHTML, like Gecko) HeadlessChrome/143.0.7499.4 Safari/537.36"}
{"timestamp":"2026-02-27T10:20:40.495Z","method":"GET","path":"/api/products","userAgent":"Mozilla/5.0 (X11; Linux x86_64) AppleWebKit/537.36 (KHTML, like Gecko) HeadlessChrome/143.0.7499.4 Safari/537.36"}
{"timestamp":"2026-02-27T10:20:40.502Z","method":"GET","path":"/api/videos","userAgent":"Mozilla/5.0 (X11; Linux x86_64) AppleWebKit/537.36 (KHTML, like Gecko) HeadlessChrome/143.0.7499.4 Safari/537.36"}
○ Compiling /api/auth/[...all] ...
Error fetching products: Error: Failed query: select "products"."id", "products"."salon_id", "products"."name", "products"."brand", "products"."description", "products"."short_description", "products"."main_category", "products"."subcategory", "products"."product_type", "products"."tags", "products"."original_price", "products"."sale_price", "products"."sale_start_date", "products"."sale_end_date", "products"."sku", "products"."total_stock", "products"."low_stock_threshold", "products"."track_inventory", "products"."colors", "products"."sizes", "products"."variants", "products"."main_image_url", "products"."gallery_urls", "products"."video_url", "products"."weight_grams", "products"."dimensions", "products"."material", "products"."country_of_origin", "products"."care_instructions", "products"."processing_time", "products"."shipping_regions", "products"."free_shipping", "products"."shipping_cost", "products"."return_policy", "products"."return_conditions", "products"."slug", "products"."meta_title", "products"."meta_description", "products"."visibility", "products"."publish_date", "products"."featured", "products"."status", "products"."rating", "products"."review_count", "products"."created_at", "products"."updated_at", "products_salon"."data" as "salon" from "products" "products" left join lateral (select json_build_array("products_salon"."name", "products_salon"."id", "products_salon"."slug") as "data" from (select * from "salons" "products_salon" where "products_salon"."id" = "products"."salon_id" limit $1) "products_salon") "products_salon" on true where ("products"."status" = $2 and "products"."visibility" = $3) order by "products"."created_at" desc limit $4
params: 1,ACTIVE,PUBLIC,8
    at async GET (src/app/api/products/route.ts:98:24)
   96 |     }
   97 |
>  98 |     const dbProducts = await db.query.products.findMany({
      |                        ^
   99 |       where: and(...conditions),
  100 |       limit: limit,
  101 |       offset: offset, {
  query: 'select "products"."id", "products"."salon_id", "products"."name", "products"."brand", "products"."description", "products"."short_description", "products"."main_category", "products"."subcategory", "products"."product_type", "products"."tags", "products"."original_price", "products"."sale_price", "products"."sale_start_date", "products"."sale_end_date", "products"."sku", "products"."total_stock", "products"."low_stock_threshold", "products"."track_inventory", "products"."colors", "products"."sizes", "products"."variants", "products"."main_image_url", "products"."gallery_urls", "products"."video_url", "products"."weight_grams", "products"."dimensions", "products"."material", "products"."country_of_origin", "products"."care_instructions", "products"."processing_time", "products"."shipping_regions", "products"."free_shipping", "products"."shipping_cost", "products"."return_policy", "products"."return_conditions", "products"."slug", "products"."meta_title", "products"."meta_description", "products"."visibility", "products"."publish_date", "products"."featured", "products"."status", "products"."rating", "products"."review_count", "products"."created_at", "products"."updated_at", "products_salon"."data" as "salon" from "products" "products" left join lateral (select json_build_array("products_salon"."name", "products_salon"."id", "products_salon"."slug") as "data" from (select * from "salons" "products_salon" where "products_salon"."id" = "products"."salon_id" limit $1) "products_salon") "products_salon" on true where ("products"."status" = $2 and "products"."visibility" = $3) order by "products"."created_at" desc limit $4',
  params: [Array],
  [cause]: AggregateError:
      at async GET (src/app/api/products/route.ts:98:24)
     96 |     }
     97 |
  >  98 |     const dbProducts = await db.query.products.findMany({
        |                        ^
     99 |       where: and(...conditions),
    100 |       limit: limit,
    101 |       offset: offset, {
    code: 'ECONNREFUSED'
  }
}
 GET /api/products?limit=8 500 in 4.4s (compile: 3.3s, proxy.ts: 23ms, render: 1082ms)
[2m2026-02-27T10:20:45.757Z[0m [33mWARN[0m [1m[Better Auth]:[0m [better-auth] Base URL could not be determined. Please set a valid base URL using the baseURL config option or the BETTER_AUTH_BASE_URL environment variable. Without this, callbacks and redirects may not work correctly.
[2m2026-02-27T10:20:45.762Z[0m [33mWARN[0m [1m[Better Auth]:[0m Social provider github is missing clientId or clientSecret
[2m2026-02-27T10:20:45.763Z[0m [33mWARN[0m [1m[Better Auth]:[0m Social provider google is missing clientId or clientSecret
 GET /api/notifications 401 in 6.4s (compile: 6.2s, proxy.ts: 19ms, render: 197ms)
{"timestamp":"2026-02-27T10:20:46.264Z","method":"GET","path":"/api/notifications","userAgent":"Mozilla/5.0 (X11; Linux x86_64) AppleWebKit/537.36 (KHTML, like Gecko) HeadlessChrome/143.0.7499.4 Safari/537.36"}
Error fetching salons: Error: Failed query: select "id", "owner_id", "name", "slug", "description", "address", "city", "zip_code", "latitude", "longitude", "phone", "email", "website", "image", "logo", "category", "state", "country", "formatted_address", "registration_number", "id_document_url", "business_proof_url", "gallery_urls", "status", "is_verified", "type", "average_rating", "total_reviews", "created_at", "updated_at", 0 from "salons" where "salons"."status" = $1 order by "salons"."created_at" desc limit $2
params: active,6
    at async GET (src/app/api/salons/route.ts:144:21)
  142 |     }
  143 |
> 144 |     const results = await queryBuilder;
      |                     ^
  145 |
  146 |     return NextResponse.json(results);
  147 |   } catch (error) { {
  query: 'select "id", "owner_id", "name", "slug", "description", "address", "city", "zip_code", "latitude", "longitude", "phone", "email", "website", "image", "logo", "category", "state", "country", "formatted_address", "registration_number", "id_document_url", "business_proof_url", "gallery_urls", "status", "is_verified", "type", "average_rating", "total_reviews", "created_at", "updated_at", 0 from "salons" where "salons"."status" = $1 order by "salons"."created_at" desc limit $2',
  params: [Array],
  [cause]: AggregateError:
      at async GET (src/app/api/salons/route.ts:144:21)
    142 |     }
    143 |
  > 144 |     const results = await queryBuilder;
        |                     ^
    145 |
    146 |     return NextResponse.json(results);
    147 |   } catch (error) { {
    code: 'ECONNREFUSED'
  }
}
 GET /api/salons?limit=6 500 in 6.3s (compile: 5.3s, proxy.ts: 19ms, render: 994ms)
Error fetching videos: Error: Failed query: select "videos"."id", "videos"."user_id", "videos"."salon_id", "videos"."title", "videos"."description", "videos"."video_url", "videos"."thumbnail_url", "videos"."category", "videos"."status", "videos"."views", "videos"."likes", "videos"."is_live", "videos"."created_at", "videos_user"."data" as "user", "videos_salon"."data" as "salon", "videos_products"."data" as "products" from "videos" "videos" left join lateral (select json_build_array("videos_user"."id", "videos_user"."name", "videos_user"."email", "videos_user"."phone", "videos_user"."email_verified", "videos_user"."image", "videos_user"."role", "videos_user"."is_suspended", "videos_user"."loyalty_points", "videos_user"."onboarding_completed", "videos_user"."date_of_birth", "videos_user"."gender", "videos_user"."location", "videos_user"."interests", "videos_user"."style", "videos_user"."budget", "videos_user"."height", "videos_user"."weight", "videos_user"."body_type", "videos_user"."created_at", "videos_user"."updated_at") as "data" from (select * from "users" "videos_user" where "videos_user"."id" = "videos"."user_id" limit $1) "videos_user") "videos_user" on true left join lateral (select json_build_array("videos_salon"."id", "videos_salon"."owner_id", "videos_salon"."name", "videos_salon"."slug", "videos_salon"."description", "videos_salon"."address", "videos_salon"."city", "videos_salon"."zip_code", "videos_salon"."latitude", "videos_salon"."longitude", "videos_salon"."phone", "videos_salon"."email", "videos_salon"."website", "videos_salon"."image", "videos_salon"."logo", "videos_salon"."category", "videos_salon"."state", "videos_salon"."country", "videos_salon"."formatted_address", "videos_salon"."registration_number", "videos_salon"."id_document_url", "videos_salon"."business_proof_url", "videos_salon"."gallery_urls", "videos_salon"."status", "videos_salon"."is_verified", "videos_salon"."type", "videos_salon"."average_rating", "videos_salon"."total_reviews", "videos_salon"."created_at", "videos_salon"."updated_at") as "data" from (select * from "salons" "videos_salon" where "videos_salon"."id" = "videos"."salon_id" limit $2) "videos_salon") "videos_salon" on true left join lateral (select coalesce(json_agg(json_build_array("videos_products"."id", "videos_products"."video_id", "videos_products"."product_id", "videos_products"."created_at", "videos_products_product"."data")), '[]'::json) as "data" from "video_products" "videos_products" left join lateral (select json_build_array("videos_products_product"."id", "videos_products_product"."salon_id", "videos_products_product"."name", "videos_products_product"."brand", "videos_products_product"."description", "videos_products_product"."short_description", "videos_products_product"."main_category", "videos_products_product"."subcategory", "videos_products_product"."product_type", "videos_products_product"."tags", "videos_products_product"."original_price", "videos_products_product"."sale_price", "videos_products_product"."sale_start_date", "videos_products_product"."sale_end_date", "videos_products_product"."sku", "videos_products_product"."total_stock", "videos_products_product"."low_stock_threshold", "videos_products_product"."track_inventory", "videos_products_product"."colors", "videos_products_product"."sizes", "videos_products_product"."variants", "videos_products_product"."main_image_url", "videos_products_product"."gallery_urls", "videos_products_product"."video_url", "videos_products_product"."weight_grams", "videos_products_product"."dimensions", "videos_products_product"."material", "videos_products_product"."country_of_origin", "videos_products_product"."care_instructions", "videos_products_product"."processing_time", "videos_products_product"."shipping_regions", "videos_products_product"."free_shipping", "videos_products_product"."shipping_cost", "videos_products_product"."return_policy", "videos_products_product"."return_conditions", "videos_products_product"."slug", "videos_products_product"."meta_title", "videos_products_product"."meta_description", "videos_products_product"."visibility", "videos_products_product"."publish_date", "videos_products_product"."featured", "videos_products_product"."status", "videos_products_product"."rating", "videos_products_product"."review_count", "videos_products_product"."created_at", "videos_products_product"."updated_at") as "data" from (select * from "products" "videos_products_product" where "videos_products_product"."id" = "videos_products"."product_id" limit $3) "videos_products_product") "videos_products_product" on true where "videos_products"."video_id" = "videos"."id") "videos_products" on true order by "videos"."created_at" desc limit $4
params: 1,1,1,8
    at async GET (src/app/api/videos/route.ts:105:28)
  103 |
  104 |         // Single Query with Pagination
> 105 |         const videosList = await db.query.videos.findMany({
      |                            ^
  106 |             where: conditions.length > 0 ? and(...conditions) : undefined,
  107 |             with: {
  108 |                 user: true, {
  query: `select "videos"."id", "videos"."user_id", "videos"."salon_id", "videos"."title", "videos"."description", "videos"."video_url", "videos"."thumbnail_url", "videos"."category", "videos"."status", "videos"."views", "videos"."likes", "videos"."is_live", "videos"."created_at", "videos_user"."data" as "user", "videos_salon"."data" as "salon", "videos_products"."data" as "products" from "videos" "videos" left join lateral (select json_build_array("videos_user"."id", "videos_user"."name", "videos_user"."email", "videos_user"."phone", "videos_user"."email_verified", "videos_user"."image", "videos_user"."role", "videos_user"."is_suspended", "videos_user"."loyalty_points", "videos_user"."onboarding_completed", "videos_user"."date_of_birth", "videos_user"."gender", "videos_user"."location", "videos_user"."interests", "videos_user"."style", "videos_user"."budget", "videos_user"."height", "videos_user"."weight", "videos_user"."body_type", "videos_user"."created_at", "videos_user"."updated_at") as "data" from (select * from "users" "videos_user" where "videos_user"."id" = "videos"."user_id" limit $1) "videos_user") "videos_user" on true left join lateral (select json_build_array("videos_salon"."id", "videos_salon"."owner_id", "videos_salon"."name", "videos_salon"."slug", "videos_salon"."description", "videos_salon"."address", "videos_salon"."city", "videos_salon"."zip_code", "videos_salon"."latitude", "videos_salon"."longitude", "videos_salon"."phone", "videos_salon"."email", "videos_salon"."website", "videos_salon"."image", "videos_salon"."logo", "videos_salon"."category", "videos_salon"."state", "videos_salon"."country", "videos_salon"."formatted_address", "videos_salon"."registration_number", "videos_salon"."id_document_url", "videos_salon"."business_proof_url", "videos_salon"."gallery_urls", "videos_salon"."status", "videos_salon"."is_verified", "videos_salon"."type", "videos_salon"."average_rating", "videos_salon"."total_reviews", "videos_salon"."created_at", "videos_salon"."updated_at") as "data" from (select * from "salons" "videos_salon" where "videos_salon"."id" = "videos"."salon_id" limit $2) "videos_salon") "videos_salon" on true left join lateral (select coalesce(json_agg(json_build_array("videos_products"."id", "videos_products"."video_id", "videos_products"."product_id", "videos_products"."created_at", "videos_products_product"."data")), '[]'::json) as "data" from "video_products" "videos_products" left join lateral (select json_build_array("videos_products_product"."id", "videos_products_product"."salon_id", "videos_products_product"."name", "videos_products_product"."brand", "videos_products_product"."description", "videos_products_product"."short_description", "videos_products_product"."main_category", "videos_products_product"."subcategory", "videos_products_product"."product_type", "videos_products_product"."tags", "videos_products_product"."original_price", "videos_products_product"."sale_price", "videos_products_product"."sale_start_date", "videos_products_product"."sale_end_date", "videos_products_product"."sku", "videos_products_product"."total_stock", "videos_products_product"."low_stock_threshold", "videos_products_product"."track_inventory", "videos_products_product"."colors", "videos_products_product"."sizes", "videos_products_product"."variants", "videos_products_product"."main_image_url", "videos_products_product"."gallery_urls", "videos_products_product"."video_url", "videos_products_product"."weight_grams", "videos_products_product"."dimensions", "videos_products_product"."material", "videos_products_product"."country_of_origin", "videos_products_product"."care_instructions", "videos_products_product"."processing_time", "videos_products_product"."shipping_regions", "videos_products_product"."free_shipping", "videos_products_product"."shipping_cost", "videos_products_product"."return_policy", "videos_products_product"."return_conditions", "videos_products_product"."slug", "videos_products_product"."meta_title", "videos_products_product"."meta_description", "videos_products_product"."visibility", "videos_products_product"."publish_date", "videos_products_product"."featured", "videos_products_product"."status", "videos_products_product"."rating", "videos_products_product"."review_count", "videos_products_product"."created_at", "videos_products_product"."updated_at") as "data" from (select * from "products" "videos_products_product" where "videos_products_product"."id" = "videos_products"."product_id" limit $3) "videos_products_product") "videos_products_product" on true where "videos_products"."video_id" = "videos"."id") "videos_products" on true order by "videos"."created_at" desc limit $4`,
  params: [Array],
  [cause]: AggregateError:
      at async GET (src/app/api/videos/route.ts:105:28)
    103 |
    104 |         // Single Query with Pagination
  > 105 |         const videosList = await db.query.videos.findMany({
        |                            ^
    106 |             where: conditions.length > 0 ? and(...conditions) : undefined,
    107 |             with: {
    108 |                 user: true, {
    code: 'ECONNREFUSED'
  }
}
 GET /api/videos?limit=8 500 in 6.6s (compile: 5.7s, proxy.ts: 25ms, render: 910ms)
 GET /api/notifications 401 in 880ms (compile: 862ms, proxy.ts: 8ms, render: 10ms)
[2m2026-02-27T10:20:47.945Z[0m [33mWARN[0m [1m[Better Auth]:[0m [better-auth] Base URL could not be determined. Please set a valid base URL using the baseURL config option or the BETTER_AUTH_BASE_URL environment variable. Without this, callbacks and redirects may not work correctly.
[2m2026-02-27T10:20:47.950Z[0m [33mWARN[0m [1m[Better Auth]:[0m Social provider github is missing clientId or clientSecret
[2m2026-02-27T10:20:47.950Z[0m [33mWARN[0m [1m[Better Auth]:[0m Social provider google is missing clientId or clientSecret
 GET /api/auth/get-session 200 in 8.5s (compile: 8.5s, proxy.ts: 9ms, render: 34ms)
{"timestamp":"2026-02-27T10:21:45.933Z","method":"GET","path":"/","userAgent":"Mozilla/5.0 (X11; Linux x86_64) AppleWebKit/537.36 (KHTML, like Gecko) HeadlessChrome/143.0.7499.4 Safari/537.36"}
 GET / 200 in 235ms (compile: 17ms, proxy.ts: 15ms, render: 203ms)
{"timestamp":"2026-02-27T10:21:49.408Z","method":"GET","path":"/auth/forgot-password","userAgent":"Mozilla/5.0 (X11; Linux x86_64) AppleWebKit/537.36 (KHTML, like Gecko) HeadlessChrome/143.0.7499.4 Safari/537.36"}
 GET /auth/forgot-password 200 in 149ms (compile: 6ms, proxy.ts: 6ms, render: 138ms)
{"timestamp":"2026-02-27T10:21:50.265Z","method":"GET","path":"/app/search","userAgent":"Mozilla/5.0 (X11; Linux x86_64) AppleWebKit/537.36 (KHTML, like Gecko) HeadlessChrome/143.0.7499.4 Safari/537.36"}
 GET /app/search 200 in 277ms (compile: 5ms, proxy.ts: 5ms, render: 268ms)
{"timestamp":"2026-02-27T10:21:50.847Z","method":"GET","path":"/api/auth/get-session","userAgent":"Mozilla/5.0 (X11; Linux x86_64) AppleWebKit/537.36 (KHTML, like Gecko) HeadlessChrome/143.0.7499.4 Safari/537.36"}
 GET /api/auth/get-session 200 in 98ms (compile: 79ms, proxy.ts: 6ms, render: 13ms)
{"timestamp":"2026-02-27T10:21:51.004Z","method":"GET","path":"/api/notifications","userAgent":"Mozilla/5.0 (X11; Linux x86_64) AppleWebKit/537.36 (KHTML, like Gecko) HeadlessChrome/143.0.7499.4 Safari/537.36"}
 GET /api/notifications 401 in 23ms (compile: 4ms, proxy.ts: 6ms, render: 13ms)
{"timestamp":"2026-02-27T10:21:51.029Z","method":"GET","path":"/api/notifications","userAgent":"Mozilla/5.0 (X11; Linux x86_64) AppleWebKit/537.36 (KHTML, like Gecko) HeadlessChrome/143.0.7499.4 Safari/537.36"}
 GET /api/notifications 401 in 23ms (compile: 9ms, proxy.ts: 5ms, render: 9ms)
{"timestamp":"2026-02-27T10:21:51.617Z","method":"GET","path":"/api/salons","userAgent":"Mozilla/5.0 (X11; Linux x86_64) AppleWebKit/537.36 (KHTML, like Gecko) HeadlessChrome/143.0.7499.4 Safari/537.36"}
{"timestamp":"2026-02-27T10:21:51.632Z","method":"GET","path":"/api/products","userAgent":"Mozilla/5.0 (X11; Linux x86_64) AppleWebKit/537.36 (KHTML, like Gecko) HeadlessChrome/143.0.7499.4 Safari/537.36"}
{"timestamp":"2026-02-27T10:21:51.635Z","method":"GET","path":"/api/videos","userAgent":"Mozilla/5.0 (X11; Linux x86_64) AppleWebKit/537.36 (KHTML, like Gecko) HeadlessChrome/143.0.7499.4 Safari/537.36"}
Error fetching salons: Error: Failed query: select "id", "owner_id", "name", "slug", "description", "address", "city", "zip_code", "latitude", "longitude", "phone", "email", "website", "image", "logo", "category", "state", "country", "formatted_address", "registration_number", "id_document_url", "business_proof_url", "gallery_urls", "status", "is_verified", "type", "average_rating", "total_reviews", "created_at", "updated_at", 0 from "salons" where "salons"."status" = $1 order by "salons"."created_at" desc limit $2
params: active,6
    at async GET (src/app/api/salons/route.ts:144:21)
  142 |     }
  143 |
> 144 |     const results = await queryBuilder;
      |                     ^
  145 |
  146 |     return NextResponse.json(results);
  147 |   } catch (error) { {
  query: 'select "id", "owner_id", "name", "slug", "description", "address", "city", "zip_code", "latitude", "longitude", "phone", "email", "website", "image", "logo", "category", "state", "country", "formatted_address", "registration_number", "id_document_url", "business_proof_url", "gallery_urls", "status", "is_verified", "type", "average_rating", "total_reviews", "created_at", "updated_at", 0 from "salons" where "salons"."status" = $1 order by "salons"."created_at" desc limit $2',
  params: [Array],
  [cause]: AggregateError:
      at async GET (src/app/api/salons/route.ts:144:21)
    142 |     }
    143 |
  > 144 |     const results = await queryBuilder;
        |                     ^
    145 |
    146 |     return NextResponse.json(results);
    147 |   } catch (error) { {
    code: 'ECONNREFUSED'
  }
}
 GET /api/salons?limit=6 500 in 363ms (compile: 16ms, proxy.ts: 8ms, render: 339ms)
Error fetching products: Error: Failed query: select "products"."id", "products"."salon_id", "products"."name", "products"."brand", "products"."description", "products"."short_description", "products"."main_category", "products"."subcategory", "products"."product_type", "products"."tags", "products"."original_price", "products"."sale_price", "products"."sale_start_date", "products"."sale_end_date", "products"."sku", "products"."total_stock", "products"."low_stock_threshold", "products"."track_inventory", "products"."colors", "products"."sizes", "products"."variants", "products"."main_image_url", "products"."gallery_urls", "products"."video_url", "products"."weight_grams", "products"."dimensions", "products"."material", "products"."country_of_origin", "products"."care_instructions", "products"."processing_time", "products"."shipping_regions", "products"."free_shipping", "products"."shipping_cost", "products"."return_policy", "products"."return_conditions", "products"."slug", "products"."meta_title", "products"."meta_description", "products"."visibility", "products"."publish_date", "products"."featured", "products"."status", "products"."rating", "products"."review_count", "products"."created_at", "products"."updated_at", "products_salon"."data" as "salon" from "products" "products" left join lateral (select json_build_array("products_salon"."name", "products_salon"."id", "products_salon"."slug") as "data" from (select * from "salons" "products_salon" where "products_salon"."id" = "products"."salon_id" limit $1) "products_salon") "products_salon" on true where ("products"."status" = $2 and "products"."visibility" = $3) order by "products"."created_at" desc limit $4
params: 1,ACTIVE,PUBLIC,8
    at async GET (src/app/api/products/route.ts:98:24)
   96 |     }
   97 |
>  98 |     const dbProducts = await db.query.products.findMany({
      |                        ^
   99 |       where: and(...conditions),
  100 |       limit: limit,
  101 |       offset: offset, {
  query: 'select "products"."id", "products"."salon_id", "products"."name", "products"."brand", "products"."description", "products"."short_description", "products"."main_category", "products"."subcategory", "products"."product_type", "products"."tags", "products"."original_price", "products"."sale_price", "products"."sale_start_date", "products"."sale_end_date", "products"."sku", "products"."total_stock", "products"."low_stock_threshold", "products"."track_inventory", "products"."colors", "products"."sizes", "products"."variants", "products"."main_image_url", "products"."gallery_urls", "products"."video_url", "products"."weight_grams", "products"."dimensions", "products"."material", "products"."country_of_origin", "products"."care_instructions", "products"."processing_time", "products"."shipping_regions", "products"."free_shipping", "products"."shipping_cost", "products"."return_policy", "products"."return_conditions", "products"."slug", "products"."meta_title", "products"."meta_description", "products"."visibility", "products"."publish_date", "products"."featured", "products"."status", "products"."rating", "products"."review_count", "products"."created_at", "products"."updated_at", "products_salon"."data" as "salon" from "products" "products" left join lateral (select json_build_array("products_salon"."name", "products_salon"."id", "products_salon"."slug") as "data" from (select * from "salons" "products_salon" where "products_salon"."id" = "products"."salon_id" limit $1) "products_salon") "products_salon" on true where ("products"."status" = $2 and "products"."visibility" = $3) order by "products"."created_at" desc limit $4',
  params: [Array],
  [cause]: AggregateError:
      at async GET (src/app/api/products/route.ts:98:24)
     96 |     }
     97 |
  >  98 |     const dbProducts = await db.query.products.findMany({
        |                        ^
     99 |       where: and(...conditions),
    100 |       limit: limit,
    101 |       offset: offset, {
    code: 'ECONNREFUSED'
  }
}
 GET /api/products?limit=8 500 in 576ms (compile: 19ms, proxy.ts: 8ms, render: 549ms)
Error fetching videos: Error: Failed query: select "videos"."id", "videos"."user_id", "videos"."salon_id", "videos"."title", "videos"."description", "videos"."video_url", "videos"."thumbnail_url", "videos"."category", "videos"."status", "videos"."views", "videos"."likes", "videos"."is_live", "videos"."created_at", "videos_user"."data" as "user", "videos_salon"."data" as "salon", "videos_products"."data" as "products" from "videos" "videos" left join lateral (select json_build_array("videos_user"."id", "videos_user"."name", "videos_user"."email", "videos_user"."phone", "videos_user"."email_verified", "videos_user"."image", "videos_user"."role", "videos_user"."is_suspended", "videos_user"."loyalty_points", "videos_user"."onboarding_completed", "videos_user"."date_of_birth", "videos_user"."gender", "videos_user"."location", "videos_user"."interests", "videos_user"."style", "videos_user"."budget", "videos_user"."height", "videos_user"."weight", "videos_user"."body_type", "videos_user"."created_at", "videos_user"."updated_at") as "data" from (select * from "users" "videos_user" where "videos_user"."id" = "videos"."user_id" limit $1) "videos_user") "videos_user" on true left join lateral (select json_build_array("videos_salon"."id", "videos_salon"."owner_id", "videos_salon"."name", "videos_salon"."slug", "videos_salon"."description", "videos_salon"."address", "videos_salon"."city", "videos_salon"."zip_code", "videos_salon"."latitude", "videos_salon"."longitude", "videos_salon"."phone", "videos_salon"."email", "videos_salon"."website", "videos_salon"."image", "videos_salon"."logo", "videos_salon"."category", "videos_salon"."state", "videos_salon"."country", "videos_salon"."formatted_address", "videos_salon"."registration_number", "videos_salon"."id_document_url", "videos_salon"."business_proof_url", "videos_salon"."gallery_urls", "videos_salon"."status", "videos_salon"."is_verified", "videos_salon"."type", "videos_salon"."average_rating", "videos_salon"."total_reviews", "videos_salon"."created_at", "videos_salon"."updated_at") as "data" from (select * from "salons" "videos_salon" where "videos_salon"."id" = "videos"."salon_id" limit $2) "videos_salon") "videos_salon" on true left join lateral (select coalesce(json_agg(json_build_array("videos_products"."id", "videos_products"."video_id", "videos_products"."product_id", "videos_products"."created_at", "videos_products_product"."data")), '[]'::json) as "data" from "video_products" "videos_products" left join lateral (select json_build_array("videos_products_product"."id", "videos_products_product"."salon_id", "videos_products_product"."name", "videos_products_product"."brand", "videos_products_product"."description", "videos_products_product"."short_description", "videos_products_product"."main_category", "videos_products_product"."subcategory", "videos_products_product"."product_type", "videos_products_product"."tags", "videos_products_product"."original_price", "videos_products_product"."sale_price", "videos_products_product"."sale_start_date", "videos_products_product"."sale_end_date", "videos_products_product"."sku", "videos_products_product"."total_stock", "videos_products_product"."low_stock_threshold", "videos_products_product"."track_inventory", "videos_products_product"."colors", "videos_products_product"."sizes", "videos_products_product"."variants", "videos_products_product"."main_image_url", "videos_products_product"."gallery_urls", "videos_products_product"."video_url", "videos_products_product"."weight_grams", "videos_products_product"."dimensions", "videos_products_product"."material", "videos_products_product"."country_of_origin", "videos_products_product"."care_instructions", "videos_products_product"."processing_time", "videos_products_product"."shipping_regions", "videos_products_product"."free_shipping", "videos_products_product"."shipping_cost", "videos_products_product"."return_policy", "videos_products_product"."return_conditions", "videos_products_product"."slug", "videos_products_product"."meta_title", "videos_products_product"."meta_description", "videos_products_product"."visibility", "videos_products_product"."publish_date", "videos_products_product"."featured", "videos_products_product"."status", "videos_products_product"."rating", "videos_products_product"."review_count", "videos_products_product"."created_at", "videos_products_product"."updated_at") as "data" from (select * from "products" "videos_products_product" where "videos_products_product"."id" = "videos_products"."product_id" limit $3) "videos_products_product") "videos_products_product" on true where "videos_products"."video_id" = "videos"."id") "videos_products" on true order by "videos"."created_at" desc limit $4
params: 1,1,1,8
    at async GET (src/app/api/videos/route.ts:105:28)
  103 |
  104 |         // Single Query with Pagination
> 105 |         const videosList = await db.query.videos.findMany({
      |                            ^
  106 |             where: conditions.length > 0 ? and(...conditions) : undefined,
  107 |             with: {
  108 |                 user: true, {
  query: `select "videos"."id", "videos"."user_id", "videos"."salon_id", "videos"."title", "videos"."description", "videos"."video_url", "videos"."thumbnail_url", "videos"."category", "videos"."status", "videos"."views", "videos"."likes", "videos"."is_live", "videos"."created_at", "videos_user"."data" as "user", "videos_salon"."data" as "salon", "videos_products"."data" as "products" from "videos" "videos" left join lateral (select json_build_array("videos_user"."id", "videos_user"."name", "videos_user"."email", "videos_user"."phone", "videos_user"."email_verified", "videos_user"."image", "videos_user"."role", "videos_user"."is_suspended", "videos_user"."loyalty_points", "videos_user"."onboarding_completed", "videos_user"."date_of_birth", "videos_user"."gender", "videos_user"."location", "videos_user"."interests", "videos_user"."style", "videos_user"."budget", "videos_user"."height", "videos_user"."weight", "videos_user"."body_type", "videos_user"."created_at", "videos_user"."updated_at") as "data" from (select * from "users" "videos_user" where "videos_user"."id" = "videos"."user_id" limit $1) "videos_user") "videos_user" on true left join lateral (select json_build_array("videos_salon"."id", "videos_salon"."owner_id", "videos_salon"."name", "videos_salon"."slug", "videos_salon"."description", "videos_salon"."address", "videos_salon"."city", "videos_salon"."zip_code", "videos_salon"."latitude", "videos_salon"."longitude", "videos_salon"."phone", "videos_salon"."email", "videos_salon"."website", "videos_salon"."image", "videos_salon"."logo", "videos_salon"."category", "videos_salon"."state", "videos_salon"."country", "videos_salon"."formatted_address", "videos_salon"."registration_number", "videos_salon"."id_document_url", "videos_salon"."business_proof_url", "videos_salon"."gallery_urls", "videos_salon"."status", "videos_salon"."is_verified", "videos_salon"."type", "videos_salon"."average_rating", "videos_salon"."total_reviews", "videos_salon"."created_at", "videos_salon"."updated_at") as "data" from (select * from "salons" "videos_salon" where "videos_salon"."id" = "videos"."salon_id" limit $2) "videos_salon") "videos_salon" on true left join lateral (select coalesce(json_agg(json_build_array("videos_products"."id", "videos_products"."video_id", "videos_products"."product_id", "videos_products"."created_at", "videos_products_product"."data")), '[]'::json) as "data" from "video_products" "videos_products" left join lateral (select json_build_array("videos_products_product"."id", "videos_products_product"."salon_id", "videos_products_product"."name", "videos_products_product"."brand", "videos_products_product"."description", "videos_products_product"."short_description", "videos_products_product"."main_category", "videos_products_product"."subcategory", "videos_products_product"."product_type", "videos_products_product"."tags", "videos_products_product"."original_price", "videos_products_product"."sale_price", "videos_products_product"."sale_start_date", "videos_products_product"."sale_end_date", "videos_products_product"."sku", "videos_products_product"."total_stock", "videos_products_product"."low_stock_threshold", "videos_products_product"."track_inventory", "videos_products_product"."colors", "videos_products_product"."sizes", "videos_products_product"."variants", "videos_products_product"."main_image_url", "videos_products_product"."gallery_urls", "videos_products_product"."video_url", "videos_products_product"."weight_grams", "videos_products_product"."dimensions", "videos_products_product"."material", "videos_products_product"."country_of_origin", "videos_products_product"."care_instructions", "videos_products_product"."processing_time", "videos_products_product"."shipping_regions", "videos_products_product"."free_shipping", "videos_products_product"."shipping_cost", "videos_products_product"."return_policy", "videos_products_product"."return_conditions", "videos_products_product"."slug", "videos_products_product"."meta_title", "videos_products_product"."meta_description", "videos_products_product"."visibility", "videos_products_product"."publish_date", "videos_products_product"."featured", "videos_products_product"."status", "videos_products_product"."rating", "videos_products_product"."review_count", "videos_products_product"."created_at", "videos_products_product"."updated_at") as "data" from (select * from "products" "videos_products_product" where "videos_products_product"."id" = "videos_products"."product_id" limit $3) "videos_products_product") "videos_products_product" on true where "videos_products"."video_id" = "videos"."id") "videos_products" on true order by "videos"."created_at" desc limit $4`,
  params: [Array],
  [cause]: AggregateError:
      at async GET (src/app/api/videos/route.ts:105:28)
    103 |
    104 |         // Single Query with Pagination
  > 105 |         const videosList = await db.query.videos.findMany({
        |                            ^
    106 |             where: conditions.length > 0 ? and(...conditions) : undefined,
    107 |             with: {
    108 |                 user: true, {
    code: 'ECONNREFUSED'
  }
}
 GET /api/videos?limit=8 500 in 831ms (compile: 23ms, proxy.ts: 8ms, render: 799ms)
[2m2026-02-27T10:21:52.002Z[0m [33mWARN[0m [1m[Better Auth]:[0m [better-auth] Base URL could not be determined. Please set a valid base URL using the baseURL config option or the BETTER_AUTH_BASE_URL environment variable. Without this, callbacks and redirects may not work correctly.
[2m2026-02-27T10:21:52.006Z[0m [33mWARN[0m [1m[Better Auth]:[0m Social provider github is missing clientId or clientSecret
[2m2026-02-27T10:21:52.007Z[0m [33mWARN[0m [1m[Better Auth]:[0m Social provider google is missing clientId or clientSecret
{"timestamp":"2026-02-27T10:21:53.678Z","method":"GET","path":"/auth/sign-in","userAgent":"Mozilla/5.0 (X11; Linux x86_64) AppleWebKit/537.36 (KHTML, like Gecko) HeadlessChrome/143.0.7499.4 Safari/537.36"}
 GET /auth/sign-in 200 in 1246ms (compile: 1082ms, proxy.ts: 5ms, render: 160ms)
{"timestamp":"2026-02-27T10:21:55.206Z","method":"GET","path":"/auth/sign-up","userAgent":"Mozilla/5.0 (X11; Linux x86_64) AppleWebKit/537.36 (KHTML, like Gecko) HeadlessChrome/143.0.7499.4 Safari/537.36"}
 GET /auth/sign-up 200 in 1123ms (compile: 984ms, proxy.ts: 5ms, render: 135ms)
